2019-07-21 22:03:11,089 INFO o.a.j.u.JMeterUtils: Setting Locale to en_EN
2019-07-21 22:03:11,111 INFO o.a.j.JMeter: Loading user properties from: /usr/local/Cellar/jmeter/5.1.1/libexec/bin/user.properties
2019-07-21 22:03:11,112 INFO o.a.j.JMeter: Loading system properties from: /usr/local/Cellar/jmeter/5.1.1/libexec/bin/system.properties
2019-07-21 22:03:11,117 INFO o.a.j.JMeter: Copyright (c) 1998-2019 The Apache Software Foundation
2019-07-21 22:03:11,117 INFO o.a.j.JMeter: Version 5.1.1 r1855137
2019-07-21 22:03:11,117 INFO o.a.j.JMeter: java.version=1.8.0_211
2019-07-21 22:03:11,117 INFO o.a.j.JMeter: java.vm.name=Java HotSpot(TM) 64-Bit Server VM
2019-07-21 22:03:11,117 INFO o.a.j.JMeter: os.name=Mac OS X
2019-07-21 22:03:11,117 INFO o.a.j.JMeter: os.arch=x86_64
2019-07-21 22:03:11,117 INFO o.a.j.JMeter: os.version=10.14.5
2019-07-21 22:03:11,117 INFO o.a.j.JMeter: file.encoding=UTF-8
2019-07-21 22:03:11,118 INFO o.a.j.JMeter: java.awt.headless=null
2019-07-21 22:03:11,118 INFO o.a.j.JMeter: Max memory     =1073741824
2019-07-21 22:03:11,118 INFO o.a.j.JMeter: Available Processors =8
2019-07-21 22:03:11,121 INFO o.a.j.JMeter: Default Locale=English (EN)
2019-07-21 22:03:11,122 INFO o.a.j.JMeter: JMeter  Locale=English (EN)
2019-07-21 22:03:11,122 INFO o.a.j.JMeter: JMeterHome=/usr/local/Cellar/jmeter/5.1.1/libexec
2019-07-21 22:03:11,122 INFO o.a.j.JMeter: user.dir  =/Users/japodaca/Repos/jmeter
2019-07-21 22:03:11,122 INFO o.a.j.JMeter: PWD       =/Users/japodaca/Repos/jmeter
2019-07-21 22:03:11,126 INFO o.a.j.JMeter: IP: 10.0.0.7 Name: Jorges-MacBook-Pro.local FullName: 10.0.0.7
2019-07-21 22:03:12,797 INFO o.a.j.g.a.LookAndFeelCommand: Installing Darcula LAF
2019-07-21 22:03:12,811 INFO o.a.j.g.a.LookAndFeelCommand: Using look and feel: com.bulenkov.darcula.DarculaLaf [Darcula]
2019-07-21 22:03:12,811 INFO o.a.j.JMeter: Setting LAF to: com.bulenkov.darcula.DarculaLaf
2019-07-21 22:03:12,874 INFO o.a.j.JMeter: Loaded icon properties from org/apache/jmeter/images/icon.properties
2019-07-21 22:03:13,644 WARN o.j.r.PluginManager: Found JAR conflict: /usr/local/Cellar/jmeter/5.1.1/libexec/lib/asm-7.0.jar and /usr/local/Cellar/jmeter/5.1.1/libexec/lib/asm-5.0.3.jar
2019-07-21 22:03:13,644 WARN o.j.r.PluginManager: Found JAR conflict: /usr/local/Cellar/jmeter/5.1.1/libexec/lib/commons-beanutils-1.8.3.jar and /usr/local/Cellar/jmeter/5.1.1/libexec/lib/commons-beanutils-1.7.0.jar
2019-07-21 22:03:13,645 WARN o.j.r.PluginManager: Found JAR conflict: /usr/local/Cellar/jmeter/5.1.1/libexec/lib/dnsjava-2.1.8.jar and /usr/local/Cellar/jmeter/5.1.1/libexec/lib/dnsjava-2.1.7.jar
2019-07-21 22:03:13,645 WARN o.j.r.PluginManager: Found JAR conflict: /usr/local/Cellar/jmeter/5.1.1/libexec/lib/guava-19.0.jar and /usr/local/Cellar/jmeter/5.1.1/libexec/lib/guava-11.0.2.jar
2019-07-21 22:03:13,645 WARN o.j.r.PluginManager: Found JAR conflict: /usr/local/Cellar/jmeter/5.1.1/libexec/lib/httpclient-4.5.jar and /usr/local/Cellar/jmeter/5.1.1/libexec/lib/httpclient-4.5.7.jar
2019-07-21 22:03:13,645 WARN o.j.r.PluginManager: Found JAR conflict: /usr/local/Cellar/jmeter/5.1.1/libexec/lib/httpcore-4.4.11.jar and /usr/local/Cellar/jmeter/5.1.1/libexec/lib/httpcore-4.4.1.jar
2019-07-21 22:03:13,646 WARN o.j.r.PluginManager: Found JAR conflict: /usr/local/Cellar/jmeter/5.1.1/libexec/lib/httpmime-4.5.jar and /usr/local/Cellar/jmeter/5.1.1/libexec/lib/httpmime-4.5.7.jar
2019-07-21 22:03:13,646 WARN o.j.r.PluginManager: Found JAR conflict: /usr/local/Cellar/jmeter/5.1.1/libexec/lib/json-path-2.4.0.jar and /usr/local/Cellar/jmeter/5.1.1/libexec/lib/json-path-2.1.0.jar
2019-07-21 22:03:13,646 WARN o.j.r.PluginManager: Found JAR conflict: /usr/local/Cellar/jmeter/5.1.1/libexec/lib/json-smart-2.3.jar and /usr/local/Cellar/jmeter/5.1.1/libexec/lib/json-smart-2.2.jar
2019-07-21 22:03:13,676 INFO o.j.r.JARSourceHTTP: Found cached repo
2019-07-21 22:03:13,827 WARN o.j.r.Plugin: Unable to load class: com.atlantbh.jmeter.plugins.oauth.OAuthSampler
java.lang.NoClassDefFoundError: org/apache/jmeter/protocol/http/sampler/HTTPSampler2
	at java.lang.ClassLoader.defineClass1(Native Method) ~[?:1.8.0_211]
	at java.lang.ClassLoader.defineClass(ClassLoader.java:763) ~[?:1.8.0_211]
	at java.security.SecureClassLoader.defineClass(SecureClassLoader.java:142) ~[?:1.8.0_211]
	at java.net.URLClassLoader.defineClass(URLClassLoader.java:468) ~[?:1.8.0_211]
	at java.net.URLClassLoader.access$100(URLClassLoader.java:74) ~[?:1.8.0_211]
	at java.net.URLClassLoader$1.run(URLClassLoader.java:369) ~[?:1.8.0_211]
	at java.net.URLClassLoader$1.run(URLClassLoader.java:363) ~[?:1.8.0_211]
	at java.security.AccessController.doPrivileged(Native Method) ~[?:1.8.0_211]
	at java.net.URLClassLoader.findClass(URLClassLoader.java:362) ~[?:1.8.0_211]
	at java.lang.ClassLoader.loadClass(ClassLoader.java:424) ~[?:1.8.0_211]
	at java.lang.ClassLoader.loadClass(ClassLoader.java:357) ~[?:1.8.0_211]
	at org.jmeterplugins.repository.Plugin.getJARPath(Plugin.java:202) [plugins-manager.jar:?]
	at org.jmeterplugins.repository.Plugin.detectInstalledPlugin(Plugin.java:108) [plugins-manager.jar:?]
	at org.jmeterplugins.repository.Plugin.detectInstalled(Plugin.java:97) [plugins-manager.jar:?]
	at org.jmeterplugins.repository.PluginManager.load(PluginManager.java:86) [plugins-manager.jar:?]
	at org.jmeterplugins.repository.PluginManagerMenuItem$1.run(PluginManagerMenuItem.java:41) [plugins-manager.jar:?]
Caused by: java.lang.ClassNotFoundException: org.apache.jmeter.protocol.http.sampler.HTTPSampler2
	at java.net.URLClassLoader.findClass(URLClassLoader.java:382) ~[?:1.8.0_211]
	at java.lang.ClassLoader.loadClass(ClassLoader.java:424) ~[?:1.8.0_211]
	at java.lang.ClassLoader.loadClass(ClassLoader.java:357) ~[?:1.8.0_211]
	... 16 more
2019-07-21 22:03:13,844 INFO o.j.r.PluginManager: Plugins Status: [jpgc-graphs-basic=Standard, jpgc-graphs-additional=Extras, jpgc-autostop=Extras, jpgc-sense=Standard, jpgc-cmd=Standard, jpgc-graphs-composite=Standard, jpgc-csl=Standard, jpgc-functions=Standard, jpgc-casutg=Standard, jpgc-dbmon=Extras, jpgc-graphs-dist=Extras, jpgc-dummy=Standard, jpgc-filterresults=Standard, jpgc-ffw=Standard, jpgc-ggl=Extras, jpgc-httpraw=Extras, jpgc-sts=Extras, bzm-http2=1.4, jpgc-hadoop=Hadoop, jpgc-fifo=Standard, jpgc-jms=ExtrasLibs, jpgc-jmxmon=Extras, jpgc-json=ExtrasLibs, jpgc-graphs-vs=Extras, jpgc-lockfile=Extras, jpgc-mergeresults=Standard, jpgc-pde=Extras, jpgc-prmctl=Extras, jpgc-perfmon=Standard, jpgc-plugins-manager=manager, jpgc-redis=ExtrasLibs, jpgc-webdriver=WebDriver, jpgc-synthesis=Standard, jpgc-plancheck=Standard, jpgc-tst=Standard, jpgc-udp=Extras, jpgc-csvars=Extras, jpgc-wsc=Standard, jpgc-xml=Extras, jmeter-core=5.1.1, jmeter-ftp=5.1.1, jmeter-http=5.1.1, jmeter-jdbc=5.1.1, jmeter-jms=5.1.1, jmeter-junit=5.1.1, jmeter-java=5.1.1, jmeter-ldap=5.1.1, jmeter-mail=5.1.1, jmeter-mongodb=5.1.1, jmeter-native=5.1.1, jmeter-tcp=5.1.1, jmeter-components=5.1.1, jpgc-standard=2.0]
2019-07-21 22:03:14,853 INFO k.a.j.JMeterPluginsUtils: JMeter-Plugins.org v.1.4.0
2019-07-21 22:03:14,924 INFO o.a.j.p.h.s.HTTPSamplerBase: Parser for text/html is org.apache.jmeter.protocol.http.parser.LagartoBasedHtmlParser
2019-07-21 22:03:14,924 INFO o.a.j.p.h.s.HTTPSamplerBase: Parser for application/xhtml+xml is org.apache.jmeter.protocol.http.parser.LagartoBasedHtmlParser
2019-07-21 22:03:14,924 INFO o.a.j.p.h.s.HTTPSamplerBase: Parser for application/xml is org.apache.jmeter.protocol.http.parser.LagartoBasedHtmlParser
2019-07-21 22:03:14,924 INFO o.a.j.p.h.s.HTTPSamplerBase: Parser for text/xml is org.apache.jmeter.protocol.http.parser.LagartoBasedHtmlParser
2019-07-21 22:03:14,924 INFO o.a.j.p.h.s.HTTPSamplerBase: Parser for text/vnd.wap.wml is org.apache.jmeter.protocol.http.parser.RegexpHTMLParser
2019-07-21 22:03:14,924 INFO o.a.j.p.h.s.HTTPSamplerBase: Parser for text/css is org.apache.jmeter.protocol.http.parser.CssParser
2019-07-21 22:03:14,972 WARN o.a.j.u.JMeterUtils: no icon for toolbar/19x19arrow-right-3.png
2019-07-21 22:03:14,976 INFO o.a.j.s.SampleResult: Note: Sample TimeStamps are START times
2019-07-21 22:03:14,976 INFO o.a.j.s.SampleResult: sampleresult.default.encoding is set to ISO-8859-1
2019-07-21 22:03:14,976 INFO o.a.j.s.SampleResult: sampleresult.useNanoTime=true
2019-07-21 22:03:14,976 INFO o.a.j.s.SampleResult: sampleresult.nanoThreadSleep=5000
2019-07-21 22:03:15,423 WARN o.a.j.g.u.MenuFactory: Could not instantiate class: kg.apc.jmeter.reporters.LoadosophiaUploaderGui
java.lang.reflect.InvocationTargetException: null
	at sun.reflect.NativeConstructorAccessorImpl.newInstance0(Native Method) ~[?:1.8.0_211]
	at sun.reflect.NativeConstructorAccessorImpl.newInstance(NativeConstructorAccessorImpl.java:62) ~[?:1.8.0_211]
	at sun.reflect.DelegatingConstructorAccessorImpl.newInstance(DelegatingConstructorAccessorImpl.java:45) ~[?:1.8.0_211]
	at java.lang.reflect.Constructor.newInstance(Constructor.java:423) ~[?:1.8.0_211]
	at org.apache.jmeter.gui.util.MenuFactory.getGUIComponent(MenuFactory.java:174) ~[ApacheJMeter_core.jar:5.1.1 r1855137]
	at org.apache.jmeter.gui.util.MenuFactory.initializeMenus(MenuFactory.java:141) ~[ApacheJMeter_core.jar:5.1.1 r1855137]
	at org.apache.jmeter.gui.util.MenuFactory.<clinit>(MenuFactory.java:106) ~[ApacheJMeter_core.jar:5.1.1 r1855137]
	at org.apache.jmeter.control.gui.TestPlanGui.createPopupMenu(TestPlanGui.java:92) ~[ApacheJMeter_core.jar:5.1.1 r1855137]
	at org.apache.jmeter.gui.tree.JMeterTreeNode.createPopupMenu(JMeterTreeNode.java:185) ~[ApacheJMeter_core.jar:5.1.1 r1855137]
	at org.apache.jmeter.gui.action.EditCommand.doAction(EditCommand.java:46) ~[ApacheJMeter_core.jar:5.1.1 r1855137]
	at org.apache.jmeter.gui.action.ActionRouter.performAction(ActionRouter.java:88) ~[ApacheJMeter_core.jar:5.1.1 r1855137]
	at org.apache.jmeter.gui.action.ActionRouter.lambda$actionPerformed$0(ActionRouter.java:70) ~[ApacheJMeter_core.jar:5.1.1 r1855137]
	at java.awt.event.InvocationEvent.dispatch(InvocationEvent.java:311) [?:1.8.0_211]
	at java.awt.EventQueue.dispatchEventImpl(EventQueue.java:758) [?:1.8.0_211]
	at java.awt.EventQueue.access$500(EventQueue.java:97) [?:1.8.0_211]
	at java.awt.EventQueue$3.run(EventQueue.java:709) [?:1.8.0_211]
	at java.awt.EventQueue$3.run(EventQueue.java:703) [?:1.8.0_211]
	at java.security.AccessController.doPrivileged(Native Method) [?:1.8.0_211]
	at java.security.ProtectionDomain$JavaSecurityAccessImpl.doIntersectionPrivilege(ProtectionDomain.java:74) [?:1.8.0_211]
	at java.awt.EventQueue.dispatchEvent(EventQueue.java:728) [?:1.8.0_211]
	at java.awt.EventDispatchThread.pumpOneEventForFilters(EventDispatchThread.java:205) [?:1.8.0_211]
	at java.awt.EventDispatchThread.pumpEventsForFilter(EventDispatchThread.java:116) [?:1.8.0_211]
	at java.awt.EventDispatchThread.pumpEventsForHierarchy(EventDispatchThread.java:105) [?:1.8.0_211]
	at java.awt.EventDispatchThread.pumpEvents(EventDispatchThread.java:101) [?:1.8.0_211]
	at java.awt.EventDispatchThread.pumpEvents(EventDispatchThread.java:93) [?:1.8.0_211]
	at java.awt.EventDispatchThread.run(EventDispatchThread.java:82) [?:1.8.0_211]
Caused by: java.lang.NoClassDefFoundError: org/apache/commons/httpclient/methods/multipart/PartSource
	at kg.apc.jmeter.reporters.LoadosophiaUploaderGui.init(LoadosophiaUploaderGui.java:114) ~[JMeterPlugins-Standard.jar:?]
	at kg.apc.jmeter.reporters.LoadosophiaUploaderGui.<init>(LoadosophiaUploaderGui.java:28) ~[JMeterPlugins-Standard.jar:?]
	... 26 more
Caused by: java.lang.ClassNotFoundException: org.apache.commons.httpclient.methods.multipart.PartSource
	at java.net.URLClassLoader.findClass(URLClassLoader.java:382) ~[?:1.8.0_211]
	at java.lang.ClassLoader.loadClass(ClassLoader.java:424) ~[?:1.8.0_211]
	at java.lang.ClassLoader.loadClass(ClassLoader.java:357) ~[?:1.8.0_211]
	at kg.apc.jmeter.reporters.LoadosophiaUploaderGui.init(LoadosophiaUploaderGui.java:114) ~[JMeterPlugins-Standard.jar:?]
	at kg.apc.jmeter.reporters.LoadosophiaUploaderGui.<init>(LoadosophiaUploaderGui.java:28) ~[JMeterPlugins-Standard.jar:?]
	... 26 more
2019-07-21 22:03:16,265 INFO o.a.j.e.KeyToolUtils: keytool found at 'keytool'
2019-07-21 22:03:16,266 INFO o.a.j.p.h.p.ProxyControl: HTTP(S) Test Script Recorder SSL Proxy will use keys that support embedded 3rd party resources in file /usr/local/Cellar/jmeter/5.1.1/libexec/bin/proxyserver.jks
2019-07-21 22:03:16,421 INFO o.a.j.s.FileServer: Default base='/Users/japodaca/Repos/jmeter'
2019-07-21 22:03:24,224 INFO o.a.j.g.a.Load: Loading file: /Users/japodaca/Repos/jmeter/test-plans/userinfo-autentificacion.jmx
2019-07-21 22:03:24,225 INFO o.a.j.s.FileServer: Set new base='/Users/japodaca/Repos/jmeter/test-plans'
2019-07-21 22:03:24,363 INFO o.a.j.s.SaveService: Testplan (JMX) version: 2.2. Testlog (JTL) version: 2.2
2019-07-21 22:03:24,366 INFO o.a.j.s.SaveService: Using SaveService properties file encoding UTF-8
2019-07-21 22:03:24,368 INFO o.a.j.s.SaveService: Using SaveService properties version 5.0
2019-07-21 22:03:24,370 INFO o.a.j.s.SaveService: Loading file: /Users/japodaca/Repos/jmeter/test-plans/userinfo-autentificacion.jmx
2019-07-21 22:03:24,566 INFO o.a.j.s.FileServer: Set new base='/Users/japodaca/Repos/jmeter/test-plans'
2019-07-21 22:03:24,808 INFO o.a.j.c.IncludeController: loadIncludedElements -- try to load included module: /Users/japodaca/Repos/jmeter/./autentificacion-fragment.jmx
2019-07-21 22:03:24,808 INFO o.a.j.c.IncludeController: loadIncludedElements -failed for: /Users/japodaca/Repos/jmeter/./autentificacion-fragment.jmx
2019-07-21 22:03:24,809 INFO o.a.j.c.IncludeController: loadIncludedElements -Attempting to read it from: /Users/japodaca/Repos/jmeter/test-plans/./autentificacion-fragment.jmx
2019-07-21 22:03:24,809 INFO o.a.j.s.SaveService: Loading file: /Users/japodaca/Repos/jmeter/test-plans/./autentificacion-fragment.jmx
2019-07-21 22:03:24,986 INFO o.a.j.c.IncludeController: loadIncludedElements -- try to load included module: /Users/japodaca/Repos/jmeter/./autentificacion-fragment.jmx
2019-07-21 22:03:24,986 INFO o.a.j.c.IncludeController: loadIncludedElements -failed for: /Users/japodaca/Repos/jmeter/./autentificacion-fragment.jmx
2019-07-21 22:03:24,986 INFO o.a.j.c.IncludeController: loadIncludedElements -Attempting to read it from: /Users/japodaca/Repos/jmeter/test-plans/./autentificacion-fragment.jmx
2019-07-21 22:03:24,987 INFO o.a.j.s.SaveService: Loading file: /Users/japodaca/Repos/jmeter/test-plans/./autentificacion-fragment.jmx
2019-07-21 22:03:45,772 INFO o.a.j.c.IncludeController: loadIncludedElements -- try to load included module: /Users/japodaca/Repos/jmeter/./autentificacion-fragment.jmx
2019-07-21 22:03:45,772 INFO o.a.j.c.IncludeController: loadIncludedElements -failed for: /Users/japodaca/Repos/jmeter/./autentificacion-fragment.jmx
2019-07-21 22:03:45,772 INFO o.a.j.c.IncludeController: loadIncludedElements -Attempting to read it from: /Users/japodaca/Repos/jmeter/test-plans/./autentificacion-fragment.jmx
2019-07-21 22:03:45,772 INFO o.a.j.s.SaveService: Loading file: /Users/japodaca/Repos/jmeter/test-plans/./autentificacion-fragment.jmx
2019-07-21 22:04:33,161 INFO o.a.j.c.IncludeController: loadIncludedElements -- try to load included module: /Users/japodaca/Repos/jmeter/./autentificacion-fragment.jmx
2019-07-21 22:04:33,161 INFO o.a.j.c.IncludeController: loadIncludedElements -failed for: /Users/japodaca/Repos/jmeter/./autentificacion-fragment.jmx
2019-07-21 22:04:33,161 INFO o.a.j.c.IncludeController: loadIncludedElements -Attempting to read it from: /Users/japodaca/Repos/jmeter/test-plans/./autentificacion-fragment.jmx
2019-07-21 22:04:33,161 INFO o.a.j.s.SaveService: Loading file: /Users/japodaca/Repos/jmeter/test-plans/./autentificacion-fragment.jmx
2019-07-21 22:05:08,180 INFO o.a.j.c.IncludeController: loadIncludedElements -- try to load included module: /Users/japodaca/Repos/jmeter/./autentificacion-fragment.jmx
2019-07-21 22:05:08,180 INFO o.a.j.c.IncludeController: loadIncludedElements -failed for: /Users/japodaca/Repos/jmeter/./autentificacion-fragment.jmx
2019-07-21 22:05:08,181 INFO o.a.j.c.IncludeController: loadIncludedElements -Attempting to read it from: /Users/japodaca/Repos/jmeter/test-plans/./autentificacion-fragment.jmx
2019-07-21 22:05:08,181 INFO o.a.j.s.SaveService: Loading file: /Users/japodaca/Repos/jmeter/test-plans/./autentificacion-fragment.jmx
2019-07-21 22:08:54,601 INFO o.a.j.c.IncludeController: loadIncludedElements -- try to load included module: /Users/japodaca/Repos/jmeter/./autentificacion-fragment.jmx
2019-07-21 22:08:54,601 INFO o.a.j.c.IncludeController: loadIncludedElements -failed for: /Users/japodaca/Repos/jmeter/./autentificacion-fragment.jmx
2019-07-21 22:08:54,601 INFO o.a.j.c.IncludeController: loadIncludedElements -Attempting to read it from: /Users/japodaca/Repos/jmeter/test-plans/./autentificacion-fragment.jmx
2019-07-21 22:08:54,602 INFO o.a.j.s.SaveService: Loading file: /Users/japodaca/Repos/jmeter/test-plans/./autentificacion-fragment.jmx
2019-07-21 22:13:12,867 INFO o.a.j.c.IncludeController: loadIncludedElements -- try to load included module: /Users/japodaca/Repos/jmeter/./autentificacion-fragment.jmx
2019-07-21 22:13:12,867 INFO o.a.j.c.IncludeController: loadIncludedElements -failed for: /Users/japodaca/Repos/jmeter/./autentificacion-fragment.jmx
2019-07-21 22:13:12,868 INFO o.a.j.c.IncludeController: loadIncludedElements -Attempting to read it from: /Users/japodaca/Repos/jmeter/test-plans/./autentificacion-fragment.jmx
2019-07-21 22:13:12,868 INFO o.a.j.s.SaveService: Loading file: /Users/japodaca/Repos/jmeter/test-plans/./autentificacion-fragment.jmx
2019-07-21 22:13:36,643 INFO o.a.j.c.IncludeController: loadIncludedElements -- try to load included module: /Users/japodaca/Repos/jmeter/./autentificacion-fragment.jmx
2019-07-21 22:13:36,643 INFO o.a.j.c.IncludeController: loadIncludedElements -failed for: /Users/japodaca/Repos/jmeter/./autentificacion-fragment.jmx
2019-07-21 22:13:36,643 INFO o.a.j.c.IncludeController: loadIncludedElements -Attempting to read it from: /Users/japodaca/Repos/jmeter/test-plans/./autentificacion-fragment.jmx
2019-07-21 22:13:36,643 INFO o.a.j.s.SaveService: Loading file: /Users/japodaca/Repos/jmeter/test-plans/./autentificacion-fragment.jmx
2019-07-21 22:13:56,514 INFO o.a.j.c.IncludeController: loadIncludedElements -- try to load included module: /Users/japodaca/Repos/jmeter/./autentificacion-fragment.jmx
2019-07-21 22:13:56,514 INFO o.a.j.c.IncludeController: loadIncludedElements -failed for: /Users/japodaca/Repos/jmeter/./autentificacion-fragment.jmx
2019-07-21 22:13:56,514 INFO o.a.j.c.IncludeController: loadIncludedElements -Attempting to read it from: /Users/japodaca/Repos/jmeter/test-plans/./autentificacion-fragment.jmx
2019-07-21 22:13:56,514 INFO o.a.j.s.SaveService: Loading file: /Users/japodaca/Repos/jmeter/test-plans/./autentificacion-fragment.jmx
2019-07-21 22:14:10,610 INFO o.a.j.c.IncludeController: loadIncludedElements -- try to load included module: /Users/japodaca/Repos/jmeter/./autentificacion-fragment.jmx
2019-07-21 22:14:10,610 INFO o.a.j.c.IncludeController: loadIncludedElements -failed for: /Users/japodaca/Repos/jmeter/./autentificacion-fragment.jmx
2019-07-21 22:14:10,611 INFO o.a.j.c.IncludeController: loadIncludedElements -Attempting to read it from: /Users/japodaca/Repos/jmeter/test-plans/./autentificacion-fragment.jmx
2019-07-21 22:14:10,611 INFO o.a.j.s.SaveService: Loading file: /Users/japodaca/Repos/jmeter/test-plans/./autentificacion-fragment.jmx
2019-07-21 22:14:10,617 INFO o.a.j.c.IncludeController: loadIncludedElements -- try to load included module: /Users/japodaca/Repos/jmeter/./autentificacion-fragment.jmx
2019-07-21 22:14:10,617 INFO o.a.j.c.IncludeController: loadIncludedElements -failed for: /Users/japodaca/Repos/jmeter/./autentificacion-fragment.jmx
2019-07-21 22:14:10,617 INFO o.a.j.c.IncludeController: loadIncludedElements -Attempting to read it from: /Users/japodaca/Repos/jmeter/test-plans/./autentificacion-fragment.jmx
2019-07-21 22:14:10,617 INFO o.a.j.s.SaveService: Loading file: /Users/japodaca/Repos/jmeter/test-plans/./autentificacion-fragment.jmx
2019-07-21 22:14:10,624 INFO o.a.j.c.IncludeController: loadIncludedElements -- try to load included module: /Users/japodaca/Repos/jmeter/./autentificacion-fragment.jmx
2019-07-21 22:14:10,624 INFO o.a.j.c.IncludeController: loadIncludedElements -failed for: /Users/japodaca/Repos/jmeter/./autentificacion-fragment.jmx
2019-07-21 22:14:10,624 INFO o.a.j.c.IncludeController: loadIncludedElements -Attempting to read it from: /Users/japodaca/Repos/jmeter/test-plans/./autentificacion-fragment.jmx
2019-07-21 22:14:10,624 INFO o.a.j.s.SaveService: Loading file: /Users/japodaca/Repos/jmeter/test-plans/./autentificacion-fragment.jmx
2019-07-21 22:14:10,632 INFO o.a.j.e.StandardJMeterEngine: Running the test!
2019-07-21 22:14:10,633 INFO o.a.j.s.SampleEvent: List of sample_variables: []
2019-07-21 22:14:10,633 INFO o.a.j.s.SampleEvent: List of sample_variables: []
2019-07-21 22:14:10,636 INFO o.a.j.e.u.CompoundVariable: Note: Function class names must contain the string: '.functions.'
2019-07-21 22:14:10,636 INFO o.a.j.e.u.CompoundVariable: Note: Function class names must not contain the string: '.gui.'
2019-07-21 22:14:10,925 INFO o.a.j.g.u.JMeterMenuBar: setRunning(true, *local*)
2019-07-21 22:14:11,075 INFO o.a.j.e.StandardJMeterEngine: Starting ThreadGroup: 1 : Obteniendo datos del usuario
2019-07-21 22:14:11,075 INFO o.a.j.e.StandardJMeterEngine: Starting 1 threads for group Obteniendo datos del usuario.
2019-07-21 22:14:11,075 INFO o.a.j.e.StandardJMeterEngine: Thread will continue on error
2019-07-21 22:14:11,076 INFO o.a.j.t.ThreadGroup: Starting thread group... number=1 threads=1 ramp-up=1 delayedStart=false
2019-07-21 22:14:11,078 INFO o.a.j.c.IncludeController: loadIncludedElements -- try to load included module: /Users/japodaca/Repos/jmeter/./autentificacion-fragment.jmx
2019-07-21 22:14:11,079 INFO o.a.j.c.IncludeController: loadIncludedElements -failed for: /Users/japodaca/Repos/jmeter/./autentificacion-fragment.jmx
2019-07-21 22:14:11,079 INFO o.a.j.c.IncludeController: loadIncludedElements -Attempting to read it from: /Users/japodaca/Repos/jmeter/test-plans/./autentificacion-fragment.jmx
2019-07-21 22:14:11,079 INFO o.a.j.s.SaveService: Loading file: /Users/japodaca/Repos/jmeter/test-plans/./autentificacion-fragment.jmx
2019-07-21 22:14:11,085 INFO o.a.j.t.ThreadGroup: Started thread group number 1
2019-07-21 22:14:11,085 INFO o.a.j.e.StandardJMeterEngine: All thread groups have been started
2019-07-21 22:14:11,089 INFO o.a.j.t.JMeterThread: Thread started: Obteniendo datos del usuario 1-1
2019-07-21 22:14:11,091 INFO o.a.j.s.FileServer: Stored: ../data-driven/usuarios.csv
2019-07-21 22:14:11,097 INFO o.a.j.p.h.s.HTTPHCAbstractImpl: Local host = Jorges-MacBook-Pro.local
2019-07-21 22:14:11,101 INFO o.a.j.p.h.s.HTTPHC4Impl: HTTP request retry count = 10
2019-07-21 22:14:11,413 INFO o.a.j.p.h.s.h.LazyLayeredConnectionSocketFactory: Setting up HTTPS TrustAll Socket Factory
2019-07-21 22:14:11,417 INFO o.a.j.u.JsseSSLManager: Using default SSL protocol: TLS
2019-07-21 22:14:11,417 INFO o.a.j.u.JsseSSLManager: SSL session context: per-thread
2019-07-21 22:14:11,486 INFO o.a.j.u.SSLManager: JmeterKeyStore Location:  type JKS
2019-07-21 22:14:11,487 INFO o.a.j.u.SSLManager: KeyStore created OK
2019-07-21 22:14:11,487 WARN o.a.j.u.SSLManager: Keystore file not found, loading empty keystore
2019-07-21 22:14:11,925 ERROR o.a.j.e.j.j.JSONPostProcessor: Number of JSON Path variables must match number of default values and json-path expressions, check you use separator ';' if you have many values
2019-07-21 22:14:11,925 ERROR o.a.j.t.JMeterThread: Error while processing sampler: 'Autentificacion de Usuario'.
java.lang.IllegalArgumentException: Mismatch between number of variables, json expressions and default values
	at org.apache.jmeter.extractor.json.jsonpath.JSONPostProcessor.process(JSONPostProcessor.java:96) ~[ApacheJMeter_components.jar:5.1.1 r1855137]
	at org.apache.jmeter.threads.JMeterThread.runPostProcessors(JMeterThread.java:925) ~[ApacheJMeter_core.jar:5.1.1 r1855137]
	at org.apache.jmeter.threads.JMeterThread.executeSamplePackage(JMeterThread.java:564) ~[ApacheJMeter_core.jar:5.1.1 r1855137]
	at org.apache.jmeter.threads.JMeterThread.processSampler(JMeterThread.java:486) [ApacheJMeter_core.jar:5.1.1 r1855137]
	at org.apache.jmeter.threads.JMeterThread.run(JMeterThread.java:253) [ApacheJMeter_core.jar:5.1.1 r1855137]
	at java.lang.Thread.run(Thread.java:748) [?:1.8.0_211]
2019-07-21 22:14:11,998 INFO o.a.j.t.JMeterThread: Thread is done: Obteniendo datos del usuario 1-1
2019-07-21 22:14:11,998 INFO o.a.j.t.JMeterThread: Thread finished: Obteniendo datos del usuario 1-1
2019-07-21 22:14:12,024 INFO o.a.j.e.StandardJMeterEngine: Notifying test listeners of end of test
2019-07-21 22:14:12,024 INFO o.a.j.s.FileServer: Close: ../data-driven/usuarios.csv
2019-07-21 22:14:12,024 INFO o.a.j.g.u.JMeterMenuBar: setRunning(false, *local*)
2019-07-21 22:17:07,771 INFO o.a.j.c.IncludeController: loadIncludedElements -- try to load included module: /Users/japodaca/Repos/jmeter/./autentificacion-fragment.jmx
2019-07-21 22:17:07,772 INFO o.a.j.c.IncludeController: loadIncludedElements -failed for: /Users/japodaca/Repos/jmeter/./autentificacion-fragment.jmx
2019-07-21 22:17:07,772 INFO o.a.j.c.IncludeController: loadIncludedElements -Attempting to read it from: /Users/japodaca/Repos/jmeter/test-plans/./autentificacion-fragment.jmx
2019-07-21 22:17:07,772 INFO o.a.j.s.SaveService: Loading file: /Users/japodaca/Repos/jmeter/test-plans/./autentificacion-fragment.jmx
2019-07-21 22:19:44,362 INFO o.a.j.c.IncludeController: loadIncludedElements -- try to load included module: /Users/japodaca/Repos/jmeter/./autentificacion-fragment.jmx
2019-07-21 22:19:44,363 INFO o.a.j.c.IncludeController: loadIncludedElements -failed for: /Users/japodaca/Repos/jmeter/./autentificacion-fragment.jmx
2019-07-21 22:19:44,363 INFO o.a.j.c.IncludeController: loadIncludedElements -Attempting to read it from: /Users/japodaca/Repos/jmeter/test-plans/./autentificacion-fragment.jmx
2019-07-21 22:19:44,363 INFO o.a.j.s.SaveService: Loading file: /Users/japodaca/Repos/jmeter/test-plans/./autentificacion-fragment.jmx
2019-07-21 22:19:44,369 INFO o.a.j.c.IncludeController: loadIncludedElements -- try to load included module: /Users/japodaca/Repos/jmeter/./autentificacion-fragment.jmx
2019-07-21 22:19:44,369 INFO o.a.j.c.IncludeController: loadIncludedElements -failed for: /Users/japodaca/Repos/jmeter/./autentificacion-fragment.jmx
2019-07-21 22:19:44,369 INFO o.a.j.c.IncludeController: loadIncludedElements -Attempting to read it from: /Users/japodaca/Repos/jmeter/test-plans/./autentificacion-fragment.jmx
2019-07-21 22:19:44,369 INFO o.a.j.s.SaveService: Loading file: /Users/japodaca/Repos/jmeter/test-plans/./autentificacion-fragment.jmx
2019-07-21 22:19:44,374 INFO o.a.j.c.IncludeController: loadIncludedElements -- try to load included module: /Users/japodaca/Repos/jmeter/./autentificacion-fragment.jmx
2019-07-21 22:19:44,374 INFO o.a.j.c.IncludeController: loadIncludedElements -failed for: /Users/japodaca/Repos/jmeter/./autentificacion-fragment.jmx
2019-07-21 22:19:44,375 INFO o.a.j.c.IncludeController: loadIncludedElements -Attempting to read it from: /Users/japodaca/Repos/jmeter/test-plans/./autentificacion-fragment.jmx
2019-07-21 22:19:44,375 INFO o.a.j.s.SaveService: Loading file: /Users/japodaca/Repos/jmeter/test-plans/./autentificacion-fragment.jmx
2019-07-21 22:19:44,380 INFO o.a.j.e.StandardJMeterEngine: Running the test!
2019-07-21 22:19:44,380 INFO o.a.j.s.SampleEvent: List of sample_variables: []
2019-07-21 22:19:44,382 INFO o.a.j.g.u.JMeterMenuBar: setRunning(true, *local*)
2019-07-21 22:19:44,542 INFO o.a.j.e.StandardJMeterEngine: Starting ThreadGroup: 1 : Obteniendo datos del usuario
2019-07-21 22:19:44,542 INFO o.a.j.e.StandardJMeterEngine: Starting 1 threads for group Obteniendo datos del usuario.
2019-07-21 22:19:44,542 INFO o.a.j.e.StandardJMeterEngine: Thread will continue on error
2019-07-21 22:19:44,542 INFO o.a.j.t.ThreadGroup: Starting thread group... number=1 threads=1 ramp-up=1 delayedStart=false
2019-07-21 22:19:44,542 INFO o.a.j.c.IncludeController: loadIncludedElements -- try to load included module: /Users/japodaca/Repos/jmeter/./autentificacion-fragment.jmx
2019-07-21 22:19:44,543 INFO o.a.j.c.IncludeController: loadIncludedElements -failed for: /Users/japodaca/Repos/jmeter/./autentificacion-fragment.jmx
2019-07-21 22:19:44,543 INFO o.a.j.c.IncludeController: loadIncludedElements -Attempting to read it from: /Users/japodaca/Repos/jmeter/test-plans/./autentificacion-fragment.jmx
2019-07-21 22:19:44,543 INFO o.a.j.s.SaveService: Loading file: /Users/japodaca/Repos/jmeter/test-plans/./autentificacion-fragment.jmx
2019-07-21 22:19:44,549 INFO o.a.j.t.ThreadGroup: Started thread group number 1
2019-07-21 22:19:44,549 INFO o.a.j.e.StandardJMeterEngine: All thread groups have been started
2019-07-21 22:19:44,549 INFO o.a.j.t.JMeterThread: Thread started: Obteniendo datos del usuario 1-1
2019-07-21 22:19:44,550 INFO o.a.j.s.FileServer: Stored: ../data-driven/usuarios.csv
2019-07-21 22:19:45,263 ERROR o.a.j.e.j.j.JSONPostProcessor: Number of JSON Path variables must match number of default values and json-path expressions, check you use separator ';' if you have many values
2019-07-21 22:19:45,263 ERROR o.a.j.t.JMeterThread: Error while processing sampler: 'Autentificacion de Usuario'.
java.lang.IllegalArgumentException: Mismatch between number of variables, json expressions and default values
	at org.apache.jmeter.extractor.json.jsonpath.JSONPostProcessor.process(JSONPostProcessor.java:96) ~[ApacheJMeter_components.jar:5.1.1 r1855137]
	at org.apache.jmeter.threads.JMeterThread.runPostProcessors(JMeterThread.java:925) ~[ApacheJMeter_core.jar:5.1.1 r1855137]
	at org.apache.jmeter.threads.JMeterThread.executeSamplePackage(JMeterThread.java:564) ~[ApacheJMeter_core.jar:5.1.1 r1855137]
	at org.apache.jmeter.threads.JMeterThread.processSampler(JMeterThread.java:486) [ApacheJMeter_core.jar:5.1.1 r1855137]
	at org.apache.jmeter.threads.JMeterThread.run(JMeterThread.java:253) [ApacheJMeter_core.jar:5.1.1 r1855137]
	at java.lang.Thread.run(Thread.java:748) [?:1.8.0_211]
2019-07-21 22:19:45,332 INFO o.a.j.t.JMeterThread: Thread is done: Obteniendo datos del usuario 1-1
2019-07-21 22:19:45,332 INFO o.a.j.t.JMeterThread: Thread finished: Obteniendo datos del usuario 1-1
2019-07-21 22:19:45,333 INFO o.a.j.e.StandardJMeterEngine: Notifying test listeners of end of test
2019-07-21 22:19:45,333 INFO o.a.j.s.FileServer: Close: ../data-driven/usuarios.csv
2019-07-21 22:19:45,333 INFO o.a.j.g.u.JMeterMenuBar: setRunning(false, *local*)
2019-07-21 22:21:09,844 INFO o.a.j.c.IncludeController: loadIncludedElements -- try to load included module: /Users/japodaca/Repos/jmeter/./autentificacion-fragment.jmx
2019-07-21 22:21:09,844 INFO o.a.j.c.IncludeController: loadIncludedElements -failed for: /Users/japodaca/Repos/jmeter/./autentificacion-fragment.jmx
2019-07-21 22:21:09,844 INFO o.a.j.c.IncludeController: loadIncludedElements -Attempting to read it from: /Users/japodaca/Repos/jmeter/test-plans/./autentificacion-fragment.jmx
2019-07-21 22:21:09,844 INFO o.a.j.s.SaveService: Loading file: /Users/japodaca/Repos/jmeter/test-plans/./autentificacion-fragment.jmx
2019-07-21 22:21:09,849 INFO o.a.j.c.IncludeController: loadIncludedElements -- try to load included module: /Users/japodaca/Repos/jmeter/./autentificacion-fragment.jmx
2019-07-21 22:21:09,849 INFO o.a.j.c.IncludeController: loadIncludedElements -failed for: /Users/japodaca/Repos/jmeter/./autentificacion-fragment.jmx
2019-07-21 22:21:09,849 INFO o.a.j.c.IncludeController: loadIncludedElements -Attempting to read it from: /Users/japodaca/Repos/jmeter/test-plans/./autentificacion-fragment.jmx
2019-07-21 22:21:09,850 INFO o.a.j.s.SaveService: Loading file: /Users/japodaca/Repos/jmeter/test-plans/./autentificacion-fragment.jmx
2019-07-21 22:21:09,853 INFO o.a.j.c.IncludeController: loadIncludedElements -- try to load included module: /Users/japodaca/Repos/jmeter/./autentificacion-fragment.jmx
2019-07-21 22:21:09,854 INFO o.a.j.c.IncludeController: loadIncludedElements -failed for: /Users/japodaca/Repos/jmeter/./autentificacion-fragment.jmx
2019-07-21 22:21:09,854 INFO o.a.j.c.IncludeController: loadIncludedElements -Attempting to read it from: /Users/japodaca/Repos/jmeter/test-plans/./autentificacion-fragment.jmx
2019-07-21 22:21:09,854 INFO o.a.j.s.SaveService: Loading file: /Users/japodaca/Repos/jmeter/test-plans/./autentificacion-fragment.jmx
2019-07-21 22:21:09,857 INFO o.a.j.e.StandardJMeterEngine: Running the test!
2019-07-21 22:21:09,858 INFO o.a.j.s.SampleEvent: List of sample_variables: []
2019-07-21 22:21:09,859 INFO o.a.j.g.u.JMeterMenuBar: setRunning(true, *local*)
2019-07-21 22:21:10,024 INFO o.a.j.e.StandardJMeterEngine: Starting ThreadGroup: 1 : Obteniendo datos del usuario
2019-07-21 22:21:10,024 INFO o.a.j.e.StandardJMeterEngine: Starting 1 threads for group Obteniendo datos del usuario.
2019-07-21 22:21:10,024 INFO o.a.j.e.StandardJMeterEngine: Thread will continue on error
2019-07-21 22:21:10,024 INFO o.a.j.t.ThreadGroup: Starting thread group... number=1 threads=1 ramp-up=1 delayedStart=false
2019-07-21 22:21:10,025 INFO o.a.j.c.IncludeController: loadIncludedElements -- try to load included module: /Users/japodaca/Repos/jmeter/./autentificacion-fragment.jmx
2019-07-21 22:21:10,025 INFO o.a.j.c.IncludeController: loadIncludedElements -failed for: /Users/japodaca/Repos/jmeter/./autentificacion-fragment.jmx
2019-07-21 22:21:10,025 INFO o.a.j.c.IncludeController: loadIncludedElements -Attempting to read it from: /Users/japodaca/Repos/jmeter/test-plans/./autentificacion-fragment.jmx
2019-07-21 22:21:10,025 INFO o.a.j.s.SaveService: Loading file: /Users/japodaca/Repos/jmeter/test-plans/./autentificacion-fragment.jmx
2019-07-21 22:21:10,030 INFO o.a.j.t.ThreadGroup: Started thread group number 1
2019-07-21 22:21:10,031 INFO o.a.j.e.StandardJMeterEngine: All thread groups have been started
2019-07-21 22:21:10,031 INFO o.a.j.t.JMeterThread: Thread started: Obteniendo datos del usuario 1-1
2019-07-21 22:21:10,031 INFO o.a.j.s.FileServer: Stored: ../data-driven/usuarios.csv
2019-07-21 22:21:10,771 ERROR o.a.j.e.j.j.JSONPostProcessor: Number of JSON Path variables must match number of default values and json-path expressions, check you use separator ';' if you have many values
2019-07-21 22:21:10,771 ERROR o.a.j.t.JMeterThread: Error while processing sampler: 'Autentificacion de Usuario'.
java.lang.IllegalArgumentException: Mismatch between number of variables, json expressions and default values
	at org.apache.jmeter.extractor.json.jsonpath.JSONPostProcessor.process(JSONPostProcessor.java:96) ~[ApacheJMeter_components.jar:5.1.1 r1855137]
	at org.apache.jmeter.threads.JMeterThread.runPostProcessors(JMeterThread.java:925) ~[ApacheJMeter_core.jar:5.1.1 r1855137]
	at org.apache.jmeter.threads.JMeterThread.executeSamplePackage(JMeterThread.java:564) ~[ApacheJMeter_core.jar:5.1.1 r1855137]
	at org.apache.jmeter.threads.JMeterThread.processSampler(JMeterThread.java:486) [ApacheJMeter_core.jar:5.1.1 r1855137]
	at org.apache.jmeter.threads.JMeterThread.run(JMeterThread.java:253) [ApacheJMeter_core.jar:5.1.1 r1855137]
	at java.lang.Thread.run(Thread.java:748) [?:1.8.0_211]
2019-07-21 22:21:10,772 INFO o.a.j.t.JMeterThread: Thread is done: Obteniendo datos del usuario 1-1
2019-07-21 22:21:10,772 INFO o.a.j.t.JMeterThread: Thread finished: Obteniendo datos del usuario 1-1
2019-07-21 22:21:10,772 INFO o.a.j.e.StandardJMeterEngine: Notifying test listeners of end of test
2019-07-21 22:21:10,772 INFO o.a.j.s.FileServer: Close: ../data-driven/usuarios.csv
2019-07-21 22:21:10,773 INFO o.a.j.g.u.JMeterMenuBar: setRunning(false, *local*)
2019-07-21 22:21:21,593 INFO o.a.j.c.IncludeController: loadIncludedElements -- try to load included module: /Users/japodaca/Repos/jmeter/./autentificacion-fragment.jmx
2019-07-21 22:21:21,593 INFO o.a.j.c.IncludeController: loadIncludedElements -failed for: /Users/japodaca/Repos/jmeter/./autentificacion-fragment.jmx
2019-07-21 22:21:21,593 INFO o.a.j.c.IncludeController: loadIncludedElements -Attempting to read it from: /Users/japodaca/Repos/jmeter/test-plans/./autentificacion-fragment.jmx
2019-07-21 22:21:21,593 INFO o.a.j.s.SaveService: Loading file: /Users/japodaca/Repos/jmeter/test-plans/./autentificacion-fragment.jmx
2019-07-21 22:21:21,598 INFO o.a.j.c.IncludeController: loadIncludedElements -- try to load included module: /Users/japodaca/Repos/jmeter/./autentificacion-fragment.jmx
2019-07-21 22:21:21,598 INFO o.a.j.c.IncludeController: loadIncludedElements -failed for: /Users/japodaca/Repos/jmeter/./autentificacion-fragment.jmx
2019-07-21 22:21:21,598 INFO o.a.j.c.IncludeController: loadIncludedElements -Attempting to read it from: /Users/japodaca/Repos/jmeter/test-plans/./autentificacion-fragment.jmx
2019-07-21 22:21:21,598 INFO o.a.j.s.SaveService: Loading file: /Users/japodaca/Repos/jmeter/test-plans/./autentificacion-fragment.jmx
2019-07-21 22:21:21,601 INFO o.a.j.c.IncludeController: loadIncludedElements -- try to load included module: /Users/japodaca/Repos/jmeter/./autentificacion-fragment.jmx
2019-07-21 22:21:21,601 INFO o.a.j.c.IncludeController: loadIncludedElements -failed for: /Users/japodaca/Repos/jmeter/./autentificacion-fragment.jmx
2019-07-21 22:21:21,601 INFO o.a.j.c.IncludeController: loadIncludedElements -Attempting to read it from: /Users/japodaca/Repos/jmeter/test-plans/./autentificacion-fragment.jmx
2019-07-21 22:21:21,602 INFO o.a.j.s.SaveService: Loading file: /Users/japodaca/Repos/jmeter/test-plans/./autentificacion-fragment.jmx
2019-07-21 22:21:21,606 INFO o.a.j.e.StandardJMeterEngine: Running the test!
2019-07-21 22:21:21,607 INFO o.a.j.s.SampleEvent: List of sample_variables: []
2019-07-21 22:21:21,607 INFO o.a.j.g.u.JMeterMenuBar: setRunning(true, *local*)
2019-07-21 22:21:21,751 INFO o.a.j.e.StandardJMeterEngine: Starting ThreadGroup: 1 : Obteniendo datos del usuario
2019-07-21 22:21:21,751 INFO o.a.j.e.StandardJMeterEngine: Starting 1 threads for group Obteniendo datos del usuario.
2019-07-21 22:21:21,751 INFO o.a.j.e.StandardJMeterEngine: Thread will continue on error
2019-07-21 22:21:21,751 INFO o.a.j.t.ThreadGroup: Starting thread group... number=1 threads=1 ramp-up=1 delayedStart=false
2019-07-21 22:21:21,752 INFO o.a.j.c.IncludeController: loadIncludedElements -- try to load included module: /Users/japodaca/Repos/jmeter/./autentificacion-fragment.jmx
2019-07-21 22:21:21,752 INFO o.a.j.c.IncludeController: loadIncludedElements -failed for: /Users/japodaca/Repos/jmeter/./autentificacion-fragment.jmx
2019-07-21 22:21:21,752 INFO o.a.j.c.IncludeController: loadIncludedElements -Attempting to read it from: /Users/japodaca/Repos/jmeter/test-plans/./autentificacion-fragment.jmx
2019-07-21 22:21:21,752 INFO o.a.j.s.SaveService: Loading file: /Users/japodaca/Repos/jmeter/test-plans/./autentificacion-fragment.jmx
2019-07-21 22:21:21,757 INFO o.a.j.t.ThreadGroup: Started thread group number 1
2019-07-21 22:21:21,757 INFO o.a.j.e.StandardJMeterEngine: All thread groups have been started
2019-07-21 22:21:21,757 INFO o.a.j.t.JMeterThread: Thread started: Obteniendo datos del usuario 1-1
2019-07-21 22:21:21,758 INFO o.a.j.s.FileServer: Stored: ../data-driven/usuarios.csv
2019-07-21 22:21:22,199 ERROR o.a.j.e.j.j.JSONPostProcessor: Number of JSON Path variables must match number of default values and json-path expressions, check you use separator ';' if you have many values
2019-07-21 22:21:22,200 ERROR o.a.j.t.JMeterThread: Error while processing sampler: 'Autentificacion de Usuario'.
java.lang.IllegalArgumentException: Mismatch between number of variables, json expressions and default values
	at org.apache.jmeter.extractor.json.jsonpath.JSONPostProcessor.process(JSONPostProcessor.java:96) ~[ApacheJMeter_components.jar:5.1.1 r1855137]
	at org.apache.jmeter.threads.JMeterThread.runPostProcessors(JMeterThread.java:925) ~[ApacheJMeter_core.jar:5.1.1 r1855137]
	at org.apache.jmeter.threads.JMeterThread.executeSamplePackage(JMeterThread.java:564) ~[ApacheJMeter_core.jar:5.1.1 r1855137]
	at org.apache.jmeter.threads.JMeterThread.processSampler(JMeterThread.java:486) [ApacheJMeter_core.jar:5.1.1 r1855137]
	at org.apache.jmeter.threads.JMeterThread.run(JMeterThread.java:253) [ApacheJMeter_core.jar:5.1.1 r1855137]
	at java.lang.Thread.run(Thread.java:748) [?:1.8.0_211]
2019-07-21 22:21:22,200 INFO o.a.j.t.JMeterThread: Thread is done: Obteniendo datos del usuario 1-1
2019-07-21 22:21:22,200 INFO o.a.j.t.JMeterThread: Thread finished: Obteniendo datos del usuario 1-1
2019-07-21 22:21:22,201 INFO o.a.j.e.StandardJMeterEngine: Notifying test listeners of end of test
2019-07-21 22:21:22,201 INFO o.a.j.s.FileServer: Close: ../data-driven/usuarios.csv
2019-07-21 22:21:22,202 INFO o.a.j.g.u.JMeterMenuBar: setRunning(false, *local*)
2019-07-21 22:22:40,893 INFO o.a.j.c.IncludeController: loadIncludedElements -- try to load included module: /Users/japodaca/Repos/jmeter/./autentificacion-fragment.jmx
2019-07-21 22:22:40,893 INFO o.a.j.c.IncludeController: loadIncludedElements -failed for: /Users/japodaca/Repos/jmeter/./autentificacion-fragment.jmx
2019-07-21 22:22:40,893 INFO o.a.j.c.IncludeController: loadIncludedElements -Attempting to read it from: /Users/japodaca/Repos/jmeter/test-plans/./autentificacion-fragment.jmx
2019-07-21 22:22:40,893 INFO o.a.j.s.SaveService: Loading file: /Users/japodaca/Repos/jmeter/test-plans/./autentificacion-fragment.jmx
2019-07-21 22:22:43,582 INFO o.a.j.c.IncludeController: loadIncludedElements -- try to load included module: /Users/japodaca/Repos/jmeter/./autentificacion-fragment.jmx
2019-07-21 22:22:43,583 INFO o.a.j.c.IncludeController: loadIncludedElements -failed for: /Users/japodaca/Repos/jmeter/./autentificacion-fragment.jmx
2019-07-21 22:22:43,583 INFO o.a.j.c.IncludeController: loadIncludedElements -Attempting to read it from: /Users/japodaca/Repos/jmeter/test-plans/./autentificacion-fragment.jmx
2019-07-21 22:22:43,583 INFO o.a.j.s.SaveService: Loading file: /Users/japodaca/Repos/jmeter/test-plans/./autentificacion-fragment.jmx
2019-07-21 22:22:43,587 INFO o.a.j.c.IncludeController: loadIncludedElements -- try to load included module: /Users/japodaca/Repos/jmeter/./autentificacion-fragment.jmx
2019-07-21 22:22:43,587 INFO o.a.j.c.IncludeController: loadIncludedElements -failed for: /Users/japodaca/Repos/jmeter/./autentificacion-fragment.jmx
2019-07-21 22:22:43,587 INFO o.a.j.c.IncludeController: loadIncludedElements -Attempting to read it from: /Users/japodaca/Repos/jmeter/test-plans/./autentificacion-fragment.jmx
2019-07-21 22:22:43,587 INFO o.a.j.s.SaveService: Loading file: /Users/japodaca/Repos/jmeter/test-plans/./autentificacion-fragment.jmx
2019-07-21 22:22:43,591 INFO o.a.j.c.IncludeController: loadIncludedElements -- try to load included module: /Users/japodaca/Repos/jmeter/./autentificacion-fragment.jmx
2019-07-21 22:22:43,591 INFO o.a.j.c.IncludeController: loadIncludedElements -failed for: /Users/japodaca/Repos/jmeter/./autentificacion-fragment.jmx
2019-07-21 22:22:43,591 INFO o.a.j.c.IncludeController: loadIncludedElements -Attempting to read it from: /Users/japodaca/Repos/jmeter/test-plans/./autentificacion-fragment.jmx
2019-07-21 22:22:43,591 INFO o.a.j.s.SaveService: Loading file: /Users/japodaca/Repos/jmeter/test-plans/./autentificacion-fragment.jmx
2019-07-21 22:22:43,595 INFO o.a.j.e.StandardJMeterEngine: Running the test!
2019-07-21 22:22:43,595 INFO o.a.j.s.SampleEvent: List of sample_variables: []
2019-07-21 22:22:43,596 INFO o.a.j.g.u.JMeterMenuBar: setRunning(true, *local*)
2019-07-21 22:22:43,735 INFO o.a.j.e.StandardJMeterEngine: Starting ThreadGroup: 1 : Obteniendo datos del usuario
2019-07-21 22:22:43,735 INFO o.a.j.e.StandardJMeterEngine: Starting 1 threads for group Obteniendo datos del usuario.
2019-07-21 22:22:43,735 INFO o.a.j.e.StandardJMeterEngine: Thread will continue on error
2019-07-21 22:22:43,735 INFO o.a.j.t.ThreadGroup: Starting thread group... number=1 threads=1 ramp-up=1 delayedStart=false
2019-07-21 22:22:43,736 INFO o.a.j.c.IncludeController: loadIncludedElements -- try to load included module: /Users/japodaca/Repos/jmeter/./autentificacion-fragment.jmx
2019-07-21 22:22:43,736 INFO o.a.j.c.IncludeController: loadIncludedElements -failed for: /Users/japodaca/Repos/jmeter/./autentificacion-fragment.jmx
2019-07-21 22:22:43,736 INFO o.a.j.c.IncludeController: loadIncludedElements -Attempting to read it from: /Users/japodaca/Repos/jmeter/test-plans/./autentificacion-fragment.jmx
2019-07-21 22:22:43,736 INFO o.a.j.s.SaveService: Loading file: /Users/japodaca/Repos/jmeter/test-plans/./autentificacion-fragment.jmx
2019-07-21 22:22:43,740 INFO o.a.j.t.ThreadGroup: Started thread group number 1
2019-07-21 22:22:43,740 INFO o.a.j.e.StandardJMeterEngine: All thread groups have been started
2019-07-21 22:22:43,740 INFO o.a.j.t.JMeterThread: Thread started: Obteniendo datos del usuario 1-1
2019-07-21 22:22:43,740 INFO o.a.j.s.FileServer: Stored: ../data-driven/usuarios.csv
2019-07-21 22:22:44,380 ERROR o.a.j.e.j.j.JSONPostProcessor: Number of JSON Path variables must match number of default values and json-path expressions, check you use separator ';' if you have many values
2019-07-21 22:22:44,381 ERROR o.a.j.t.JMeterThread: Error while processing sampler: 'Autentificacion de Usuario'.
java.lang.IllegalArgumentException: Mismatch between number of variables, json expressions and default values
	at org.apache.jmeter.extractor.json.jsonpath.JSONPostProcessor.process(JSONPostProcessor.java:96) ~[ApacheJMeter_components.jar:5.1.1 r1855137]
	at org.apache.jmeter.threads.JMeterThread.runPostProcessors(JMeterThread.java:925) ~[ApacheJMeter_core.jar:5.1.1 r1855137]
	at org.apache.jmeter.threads.JMeterThread.executeSamplePackage(JMeterThread.java:564) ~[ApacheJMeter_core.jar:5.1.1 r1855137]
	at org.apache.jmeter.threads.JMeterThread.processSampler(JMeterThread.java:486) [ApacheJMeter_core.jar:5.1.1 r1855137]
	at org.apache.jmeter.threads.JMeterThread.run(JMeterThread.java:253) [ApacheJMeter_core.jar:5.1.1 r1855137]
	at java.lang.Thread.run(Thread.java:748) [?:1.8.0_211]
2019-07-21 22:22:44,381 INFO o.a.j.t.JMeterThread: Thread is done: Obteniendo datos del usuario 1-1
2019-07-21 22:22:44,381 INFO o.a.j.t.JMeterThread: Thread finished: Obteniendo datos del usuario 1-1
2019-07-21 22:22:44,382 INFO o.a.j.e.StandardJMeterEngine: Notifying test listeners of end of test
2019-07-21 22:22:44,382 INFO o.a.j.s.FileServer: Close: ../data-driven/usuarios.csv
2019-07-21 22:22:44,382 INFO o.a.j.g.u.JMeterMenuBar: setRunning(false, *local*)
2019-07-21 22:23:32,293 INFO o.a.j.c.IncludeController: loadIncludedElements -- try to load included module: /Users/japodaca/Repos/jmeter/./autentificacion-fragment.jmx
2019-07-21 22:23:32,293 INFO o.a.j.c.IncludeController: loadIncludedElements -failed for: /Users/japodaca/Repos/jmeter/./autentificacion-fragment.jmx
2019-07-21 22:23:32,293 INFO o.a.j.c.IncludeController: loadIncludedElements -Attempting to read it from: /Users/japodaca/Repos/jmeter/test-plans/./autentificacion-fragment.jmx
2019-07-21 22:23:32,293 INFO o.a.j.s.SaveService: Loading file: /Users/japodaca/Repos/jmeter/test-plans/./autentificacion-fragment.jmx
2019-07-21 22:23:32,297 INFO o.a.j.c.IncludeController: loadIncludedElements -- try to load included module: /Users/japodaca/Repos/jmeter/./autentificacion-fragment.jmx
2019-07-21 22:23:32,297 INFO o.a.j.c.IncludeController: loadIncludedElements -failed for: /Users/japodaca/Repos/jmeter/./autentificacion-fragment.jmx
2019-07-21 22:23:32,298 INFO o.a.j.c.IncludeController: loadIncludedElements -Attempting to read it from: /Users/japodaca/Repos/jmeter/test-plans/./autentificacion-fragment.jmx
2019-07-21 22:23:32,298 INFO o.a.j.s.SaveService: Loading file: /Users/japodaca/Repos/jmeter/test-plans/./autentificacion-fragment.jmx
2019-07-21 22:23:32,301 INFO o.a.j.c.IncludeController: loadIncludedElements -- try to load included module: /Users/japodaca/Repos/jmeter/./autentificacion-fragment.jmx
2019-07-21 22:23:32,302 INFO o.a.j.c.IncludeController: loadIncludedElements -failed for: /Users/japodaca/Repos/jmeter/./autentificacion-fragment.jmx
2019-07-21 22:23:32,302 INFO o.a.j.c.IncludeController: loadIncludedElements -Attempting to read it from: /Users/japodaca/Repos/jmeter/test-plans/./autentificacion-fragment.jmx
2019-07-21 22:23:32,302 INFO o.a.j.s.SaveService: Loading file: /Users/japodaca/Repos/jmeter/test-plans/./autentificacion-fragment.jmx
2019-07-21 22:23:32,306 INFO o.a.j.e.StandardJMeterEngine: Running the test!
2019-07-21 22:23:32,306 INFO o.a.j.s.SampleEvent: List of sample_variables: []
2019-07-21 22:23:32,307 INFO o.a.j.g.u.JMeterMenuBar: setRunning(true, *local*)
2019-07-21 22:23:32,440 INFO o.a.j.e.StandardJMeterEngine: Starting ThreadGroup: 1 : Obteniendo datos del usuario
2019-07-21 22:23:32,441 INFO o.a.j.e.StandardJMeterEngine: Starting 1 threads for group Obteniendo datos del usuario.
2019-07-21 22:23:32,441 INFO o.a.j.e.StandardJMeterEngine: Thread will continue on error
2019-07-21 22:23:32,441 INFO o.a.j.t.ThreadGroup: Starting thread group... number=1 threads=1 ramp-up=1 delayedStart=false
2019-07-21 22:23:32,441 INFO o.a.j.c.IncludeController: loadIncludedElements -- try to load included module: /Users/japodaca/Repos/jmeter/./autentificacion-fragment.jmx
2019-07-21 22:23:32,441 INFO o.a.j.c.IncludeController: loadIncludedElements -failed for: /Users/japodaca/Repos/jmeter/./autentificacion-fragment.jmx
2019-07-21 22:23:32,441 INFO o.a.j.c.IncludeController: loadIncludedElements -Attempting to read it from: /Users/japodaca/Repos/jmeter/test-plans/./autentificacion-fragment.jmx
2019-07-21 22:23:32,441 INFO o.a.j.s.SaveService: Loading file: /Users/japodaca/Repos/jmeter/test-plans/./autentificacion-fragment.jmx
2019-07-21 22:23:32,446 INFO o.a.j.t.ThreadGroup: Started thread group number 1
2019-07-21 22:23:32,446 INFO o.a.j.e.StandardJMeterEngine: All thread groups have been started
2019-07-21 22:23:32,446 INFO o.a.j.t.JMeterThread: Thread started: Obteniendo datos del usuario 1-1
2019-07-21 22:23:32,447 INFO o.a.j.s.FileServer: Stored: ../data-driven/usuarios.csv
2019-07-21 22:23:32,981 INFO o.a.j.t.JMeterThread: Thread is done: Obteniendo datos del usuario 1-1
2019-07-21 22:23:32,981 INFO o.a.j.t.JMeterThread: Thread finished: Obteniendo datos del usuario 1-1
2019-07-21 22:23:32,981 INFO o.a.j.e.StandardJMeterEngine: Notifying test listeners of end of test
2019-07-21 22:23:32,981 INFO o.a.j.s.FileServer: Close: ../data-driven/usuarios.csv
2019-07-21 22:23:32,982 INFO o.a.j.g.u.JMeterMenuBar: setRunning(false, *local*)
2019-07-21 22:26:30,025 INFO o.a.j.c.IncludeController: loadIncludedElements -- try to load included module: /Users/japodaca/Repos/jmeter/./autentificacion-fragment.jmx
2019-07-21 22:26:30,025 INFO o.a.j.c.IncludeController: loadIncludedElements -failed for: /Users/japodaca/Repos/jmeter/./autentificacion-fragment.jmx
2019-07-21 22:26:30,025 INFO o.a.j.c.IncludeController: loadIncludedElements -Attempting to read it from: /Users/japodaca/Repos/jmeter/test-plans/./autentificacion-fragment.jmx
2019-07-21 22:26:30,026 INFO o.a.j.s.SaveService: Loading file: /Users/japodaca/Repos/jmeter/test-plans/./autentificacion-fragment.jmx
2019-07-21 22:26:30,030 INFO o.a.j.c.IncludeController: loadIncludedElements -- try to load included module: /Users/japodaca/Repos/jmeter/./autentificacion-fragment.jmx
2019-07-21 22:26:30,030 INFO o.a.j.c.IncludeController: loadIncludedElements -failed for: /Users/japodaca/Repos/jmeter/./autentificacion-fragment.jmx
2019-07-21 22:26:30,030 INFO o.a.j.c.IncludeController: loadIncludedElements -Attempting to read it from: /Users/japodaca/Repos/jmeter/test-plans/./autentificacion-fragment.jmx
2019-07-21 22:26:30,030 INFO o.a.j.s.SaveService: Loading file: /Users/japodaca/Repos/jmeter/test-plans/./autentificacion-fragment.jmx
2019-07-21 22:26:30,033 INFO o.a.j.c.IncludeController: loadIncludedElements -- try to load included module: /Users/japodaca/Repos/jmeter/./autentificacion-fragment.jmx
2019-07-21 22:26:30,033 INFO o.a.j.c.IncludeController: loadIncludedElements -failed for: /Users/japodaca/Repos/jmeter/./autentificacion-fragment.jmx
2019-07-21 22:26:30,033 INFO o.a.j.c.IncludeController: loadIncludedElements -Attempting to read it from: /Users/japodaca/Repos/jmeter/test-plans/./autentificacion-fragment.jmx
2019-07-21 22:26:30,033 INFO o.a.j.s.SaveService: Loading file: /Users/japodaca/Repos/jmeter/test-plans/./autentificacion-fragment.jmx
2019-07-21 22:26:30,037 INFO o.a.j.e.StandardJMeterEngine: Running the test!
2019-07-21 22:26:30,037 INFO o.a.j.s.SampleEvent: List of sample_variables: []
2019-07-21 22:26:30,038 INFO o.a.j.g.u.JMeterMenuBar: setRunning(true, *local*)
2019-07-21 22:26:30,188 INFO o.a.j.e.StandardJMeterEngine: Starting ThreadGroup: 1 : Obteniendo datos del usuario
2019-07-21 22:26:30,189 INFO o.a.j.e.StandardJMeterEngine: Starting 1 threads for group Obteniendo datos del usuario.
2019-07-21 22:26:30,189 INFO o.a.j.e.StandardJMeterEngine: Thread will continue on error
2019-07-21 22:26:30,189 INFO o.a.j.t.ThreadGroup: Starting thread group... number=1 threads=1 ramp-up=1 delayedStart=false
2019-07-21 22:26:30,189 INFO o.a.j.c.IncludeController: loadIncludedElements -- try to load included module: /Users/japodaca/Repos/jmeter/./autentificacion-fragment.jmx
2019-07-21 22:26:30,189 INFO o.a.j.c.IncludeController: loadIncludedElements -failed for: /Users/japodaca/Repos/jmeter/./autentificacion-fragment.jmx
2019-07-21 22:26:30,189 INFO o.a.j.c.IncludeController: loadIncludedElements -Attempting to read it from: /Users/japodaca/Repos/jmeter/test-plans/./autentificacion-fragment.jmx
2019-07-21 22:26:30,189 INFO o.a.j.s.SaveService: Loading file: /Users/japodaca/Repos/jmeter/test-plans/./autentificacion-fragment.jmx
2019-07-21 22:26:30,194 INFO o.a.j.t.ThreadGroup: Started thread group number 1
2019-07-21 22:26:30,194 INFO o.a.j.e.StandardJMeterEngine: All thread groups have been started
2019-07-21 22:26:30,195 INFO o.a.j.t.JMeterThread: Thread started: Obteniendo datos del usuario 1-1
2019-07-21 22:26:30,195 INFO o.a.j.s.FileServer: Stored: ../data-driven/usuarios.csv
2019-07-21 22:26:30,926 INFO o.a.j.t.JMeterThread: Thread is done: Obteniendo datos del usuario 1-1
2019-07-21 22:26:30,926 INFO o.a.j.t.JMeterThread: Thread finished: Obteniendo datos del usuario 1-1
2019-07-21 22:26:30,927 INFO o.a.j.e.StandardJMeterEngine: Notifying test listeners of end of test
2019-07-21 22:26:30,927 INFO o.a.j.s.FileServer: Close: ../data-driven/usuarios.csv
2019-07-21 22:26:30,927 INFO o.a.j.g.u.JMeterMenuBar: setRunning(false, *local*)
2019-07-21 22:28:11,726 INFO o.a.j.c.IncludeController: loadIncludedElements -- try to load included module: /Users/japodaca/Repos/jmeter/./autentificacion-fragment.jmx
2019-07-21 22:28:11,726 INFO o.a.j.c.IncludeController: loadIncludedElements -failed for: /Users/japodaca/Repos/jmeter/./autentificacion-fragment.jmx
2019-07-21 22:28:11,726 INFO o.a.j.c.IncludeController: loadIncludedElements -Attempting to read it from: /Users/japodaca/Repos/jmeter/test-plans/./autentificacion-fragment.jmx
2019-07-21 22:28:11,726 INFO o.a.j.s.SaveService: Loading file: /Users/japodaca/Repos/jmeter/test-plans/./autentificacion-fragment.jmx
2019-07-21 22:28:17,124 INFO o.a.j.c.IncludeController: loadIncludedElements -- try to load included module: /Users/japodaca/Repos/jmeter/./autentificacion-fragment.jmx
2019-07-21 22:28:17,125 INFO o.a.j.c.IncludeController: loadIncludedElements -failed for: /Users/japodaca/Repos/jmeter/./autentificacion-fragment.jmx
2019-07-21 22:28:17,125 INFO o.a.j.c.IncludeController: loadIncludedElements -Attempting to read it from: /Users/japodaca/Repos/jmeter/test-plans/./autentificacion-fragment.jmx
2019-07-21 22:28:17,125 INFO o.a.j.s.SaveService: Loading file: /Users/japodaca/Repos/jmeter/test-plans/./autentificacion-fragment.jmx
2019-07-21 22:28:17,129 INFO o.a.j.c.IncludeController: loadIncludedElements -- try to load included module: /Users/japodaca/Repos/jmeter/./autentificacion-fragment.jmx
2019-07-21 22:28:17,129 INFO o.a.j.c.IncludeController: loadIncludedElements -failed for: /Users/japodaca/Repos/jmeter/./autentificacion-fragment.jmx
2019-07-21 22:28:17,129 INFO o.a.j.c.IncludeController: loadIncludedElements -Attempting to read it from: /Users/japodaca/Repos/jmeter/test-plans/./autentificacion-fragment.jmx
2019-07-21 22:28:17,129 INFO o.a.j.s.SaveService: Loading file: /Users/japodaca/Repos/jmeter/test-plans/./autentificacion-fragment.jmx
2019-07-21 22:28:17,132 INFO o.a.j.c.IncludeController: loadIncludedElements -- try to load included module: /Users/japodaca/Repos/jmeter/./autentificacion-fragment.jmx
2019-07-21 22:28:17,132 INFO o.a.j.c.IncludeController: loadIncludedElements -failed for: /Users/japodaca/Repos/jmeter/./autentificacion-fragment.jmx
2019-07-21 22:28:17,132 INFO o.a.j.c.IncludeController: loadIncludedElements -Attempting to read it from: /Users/japodaca/Repos/jmeter/test-plans/./autentificacion-fragment.jmx
2019-07-21 22:28:17,132 INFO o.a.j.s.SaveService: Loading file: /Users/japodaca/Repos/jmeter/test-plans/./autentificacion-fragment.jmx
2019-07-21 22:28:17,135 INFO o.a.j.e.StandardJMeterEngine: Running the test!
2019-07-21 22:28:17,136 INFO o.a.j.s.SampleEvent: List of sample_variables: []
2019-07-21 22:28:17,136 INFO o.a.j.g.u.JMeterMenuBar: setRunning(true, *local*)
2019-07-21 22:28:17,291 INFO o.a.j.e.StandardJMeterEngine: Starting ThreadGroup: 1 : Obteniendo datos del usuario
2019-07-21 22:28:17,292 INFO o.a.j.e.StandardJMeterEngine: Starting 1 threads for group Obteniendo datos del usuario.
2019-07-21 22:28:17,292 INFO o.a.j.e.StandardJMeterEngine: Thread will continue on error
2019-07-21 22:28:17,292 INFO o.a.j.t.ThreadGroup: Starting thread group... number=1 threads=1 ramp-up=1 delayedStart=false
2019-07-21 22:28:17,292 INFO o.a.j.c.IncludeController: loadIncludedElements -- try to load included module: /Users/japodaca/Repos/jmeter/./autentificacion-fragment.jmx
2019-07-21 22:28:17,292 INFO o.a.j.c.IncludeController: loadIncludedElements -failed for: /Users/japodaca/Repos/jmeter/./autentificacion-fragment.jmx
2019-07-21 22:28:17,292 INFO o.a.j.c.IncludeController: loadIncludedElements -Attempting to read it from: /Users/japodaca/Repos/jmeter/test-plans/./autentificacion-fragment.jmx
2019-07-21 22:28:17,292 INFO o.a.j.s.SaveService: Loading file: /Users/japodaca/Repos/jmeter/test-plans/./autentificacion-fragment.jmx
2019-07-21 22:28:17,296 INFO o.a.j.t.ThreadGroup: Started thread group number 1
2019-07-21 22:28:17,296 INFO o.a.j.e.StandardJMeterEngine: All thread groups have been started
2019-07-21 22:28:17,296 INFO o.a.j.t.JMeterThread: Thread started: Obteniendo datos del usuario 1-1
2019-07-21 22:28:17,297 INFO o.a.j.s.FileServer: Stored: ../data-driven/usuarios.csv
2019-07-21 22:28:33,878 INFO o.a.j.t.JMeterThread: Thread is done: Obteniendo datos del usuario 1-1
2019-07-21 22:28:33,879 INFO o.a.j.t.JMeterThread: Thread finished: Obteniendo datos del usuario 1-1
2019-07-21 22:28:33,879 INFO o.a.j.e.StandardJMeterEngine: Notifying test listeners of end of test
2019-07-21 22:28:33,879 INFO o.a.j.s.FileServer: Close: ../data-driven/usuarios.csv
2019-07-21 22:28:33,880 INFO o.a.j.g.u.JMeterMenuBar: setRunning(false, *local*)
2019-07-21 22:29:14,554 INFO o.a.j.c.IncludeController: loadIncludedElements -- try to load included module: /Users/japodaca/Repos/jmeter/./autentificacion-fragment.jmx
2019-07-21 22:29:14,555 INFO o.a.j.c.IncludeController: loadIncludedElements -failed for: /Users/japodaca/Repos/jmeter/./autentificacion-fragment.jmx
2019-07-21 22:29:14,555 INFO o.a.j.c.IncludeController: loadIncludedElements -Attempting to read it from: /Users/japodaca/Repos/jmeter/test-plans/./autentificacion-fragment.jmx
2019-07-21 22:29:14,555 INFO o.a.j.s.SaveService: Loading file: /Users/japodaca/Repos/jmeter/test-plans/./autentificacion-fragment.jmx
2019-07-21 22:29:17,425 INFO o.a.j.c.IncludeController: loadIncludedElements -- try to load included module: /Users/japodaca/Repos/jmeter/./autentificacion-fragment.jmx
2019-07-21 22:29:17,425 INFO o.a.j.c.IncludeController: loadIncludedElements -failed for: /Users/japodaca/Repos/jmeter/./autentificacion-fragment.jmx
2019-07-21 22:29:17,425 INFO o.a.j.c.IncludeController: loadIncludedElements -Attempting to read it from: /Users/japodaca/Repos/jmeter/test-plans/./autentificacion-fragment.jmx
2019-07-21 22:29:17,425 INFO o.a.j.s.SaveService: Loading file: /Users/japodaca/Repos/jmeter/test-plans/./autentificacion-fragment.jmx
2019-07-21 22:29:17,429 INFO o.a.j.c.IncludeController: loadIncludedElements -- try to load included module: /Users/japodaca/Repos/jmeter/./autentificacion-fragment.jmx
2019-07-21 22:29:17,429 INFO o.a.j.c.IncludeController: loadIncludedElements -failed for: /Users/japodaca/Repos/jmeter/./autentificacion-fragment.jmx
2019-07-21 22:29:17,429 INFO o.a.j.c.IncludeController: loadIncludedElements -Attempting to read it from: /Users/japodaca/Repos/jmeter/test-plans/./autentificacion-fragment.jmx
2019-07-21 22:29:17,429 INFO o.a.j.s.SaveService: Loading file: /Users/japodaca/Repos/jmeter/test-plans/./autentificacion-fragment.jmx
2019-07-21 22:29:17,433 INFO o.a.j.c.IncludeController: loadIncludedElements -- try to load included module: /Users/japodaca/Repos/jmeter/./autentificacion-fragment.jmx
2019-07-21 22:29:17,433 INFO o.a.j.c.IncludeController: loadIncludedElements -failed for: /Users/japodaca/Repos/jmeter/./autentificacion-fragment.jmx
2019-07-21 22:29:17,433 INFO o.a.j.c.IncludeController: loadIncludedElements -Attempting to read it from: /Users/japodaca/Repos/jmeter/test-plans/./autentificacion-fragment.jmx
2019-07-21 22:29:17,433 INFO o.a.j.s.SaveService: Loading file: /Users/japodaca/Repos/jmeter/test-plans/./autentificacion-fragment.jmx
2019-07-21 22:29:17,437 INFO o.a.j.e.StandardJMeterEngine: Running the test!
2019-07-21 22:29:17,437 INFO o.a.j.s.SampleEvent: List of sample_variables: []
2019-07-21 22:29:17,438 INFO o.a.j.g.u.JMeterMenuBar: setRunning(true, *local*)
2019-07-21 22:29:17,580 INFO o.a.j.e.StandardJMeterEngine: Starting ThreadGroup: 1 : Obteniendo datos del usuario
2019-07-21 22:29:17,581 INFO o.a.j.e.StandardJMeterEngine: Starting 1 threads for group Obteniendo datos del usuario.
2019-07-21 22:29:17,581 INFO o.a.j.e.StandardJMeterEngine: Thread will continue on error
2019-07-21 22:29:17,581 INFO o.a.j.t.ThreadGroup: Starting thread group... number=1 threads=1 ramp-up=1 delayedStart=false
2019-07-21 22:29:17,581 INFO o.a.j.c.IncludeController: loadIncludedElements -- try to load included module: /Users/japodaca/Repos/jmeter/./autentificacion-fragment.jmx
2019-07-21 22:29:17,581 INFO o.a.j.c.IncludeController: loadIncludedElements -failed for: /Users/japodaca/Repos/jmeter/./autentificacion-fragment.jmx
2019-07-21 22:29:17,581 INFO o.a.j.c.IncludeController: loadIncludedElements -Attempting to read it from: /Users/japodaca/Repos/jmeter/test-plans/./autentificacion-fragment.jmx
2019-07-21 22:29:17,581 INFO o.a.j.s.SaveService: Loading file: /Users/japodaca/Repos/jmeter/test-plans/./autentificacion-fragment.jmx
2019-07-21 22:29:17,586 INFO o.a.j.t.ThreadGroup: Started thread group number 1
2019-07-21 22:29:17,586 INFO o.a.j.e.StandardJMeterEngine: All thread groups have been started
2019-07-21 22:29:17,586 INFO o.a.j.t.JMeterThread: Thread started: Obteniendo datos del usuario 1-1
2019-07-21 22:29:17,587 INFO o.a.j.s.FileServer: Stored: ../data-driven/usuarios.csv
2019-07-21 22:29:29,190 INFO o.a.j.t.JMeterThread: Thread is done: Obteniendo datos del usuario 1-1
2019-07-21 22:29:29,190 INFO o.a.j.t.JMeterThread: Thread finished: Obteniendo datos del usuario 1-1
2019-07-21 22:29:29,191 INFO o.a.j.e.StandardJMeterEngine: Notifying test listeners of end of test
2019-07-21 22:29:29,191 INFO o.a.j.s.FileServer: Close: ../data-driven/usuarios.csv
2019-07-21 22:29:29,192 INFO o.a.j.g.u.JMeterMenuBar: setRunning(false, *local*)
2019-07-21 22:30:10,385 INFO o.a.j.c.IncludeController: loadIncludedElements -- try to load included module: /Users/japodaca/Repos/jmeter/./autentificacion-fragment.jmx
2019-07-21 22:30:10,385 INFO o.a.j.c.IncludeController: loadIncludedElements -failed for: /Users/japodaca/Repos/jmeter/./autentificacion-fragment.jmx
2019-07-21 22:30:10,385 INFO o.a.j.c.IncludeController: loadIncludedElements -Attempting to read it from: /Users/japodaca/Repos/jmeter/test-plans/./autentificacion-fragment.jmx
2019-07-21 22:30:10,385 INFO o.a.j.s.SaveService: Loading file: /Users/japodaca/Repos/jmeter/test-plans/./autentificacion-fragment.jmx
2019-07-21 22:30:10,389 INFO o.a.j.c.IncludeController: loadIncludedElements -- try to load included module: /Users/japodaca/Repos/jmeter/./autentificacion-fragment.jmx
2019-07-21 22:30:10,389 INFO o.a.j.c.IncludeController: loadIncludedElements -failed for: /Users/japodaca/Repos/jmeter/./autentificacion-fragment.jmx
2019-07-21 22:30:10,389 INFO o.a.j.c.IncludeController: loadIncludedElements -Attempting to read it from: /Users/japodaca/Repos/jmeter/test-plans/./autentificacion-fragment.jmx
2019-07-21 22:30:10,389 INFO o.a.j.s.SaveService: Loading file: /Users/japodaca/Repos/jmeter/test-plans/./autentificacion-fragment.jmx
2019-07-21 22:30:10,391 INFO o.a.j.c.IncludeController: loadIncludedElements -- try to load included module: /Users/japodaca/Repos/jmeter/./autentificacion-fragment.jmx
2019-07-21 22:30:10,392 INFO o.a.j.c.IncludeController: loadIncludedElements -failed for: /Users/japodaca/Repos/jmeter/./autentificacion-fragment.jmx
2019-07-21 22:30:10,392 INFO o.a.j.c.IncludeController: loadIncludedElements -Attempting to read it from: /Users/japodaca/Repos/jmeter/test-plans/./autentificacion-fragment.jmx
2019-07-21 22:30:10,392 INFO o.a.j.s.SaveService: Loading file: /Users/japodaca/Repos/jmeter/test-plans/./autentificacion-fragment.jmx
2019-07-21 22:30:10,395 INFO o.a.j.e.StandardJMeterEngine: Running the test!
2019-07-21 22:30:10,395 INFO o.a.j.s.SampleEvent: List of sample_variables: []
2019-07-21 22:30:10,396 INFO o.a.j.g.u.JMeterMenuBar: setRunning(true, *local*)
2019-07-21 22:30:10,546 INFO o.a.j.e.StandardJMeterEngine: Starting ThreadGroup: 1 : Obteniendo datos del usuario
2019-07-21 22:30:10,546 INFO o.a.j.e.StandardJMeterEngine: Starting 1 threads for group Obteniendo datos del usuario.
2019-07-21 22:30:10,546 INFO o.a.j.e.StandardJMeterEngine: Thread will continue on error
2019-07-21 22:30:10,546 INFO o.a.j.t.ThreadGroup: Starting thread group... number=1 threads=1 ramp-up=1 delayedStart=false
2019-07-21 22:30:10,546 INFO o.a.j.c.IncludeController: loadIncludedElements -- try to load included module: /Users/japodaca/Repos/jmeter/./autentificacion-fragment.jmx
2019-07-21 22:30:10,546 INFO o.a.j.c.IncludeController: loadIncludedElements -failed for: /Users/japodaca/Repos/jmeter/./autentificacion-fragment.jmx
2019-07-21 22:30:10,546 INFO o.a.j.c.IncludeController: loadIncludedElements -Attempting to read it from: /Users/japodaca/Repos/jmeter/test-plans/./autentificacion-fragment.jmx
2019-07-21 22:30:10,546 INFO o.a.j.s.SaveService: Loading file: /Users/japodaca/Repos/jmeter/test-plans/./autentificacion-fragment.jmx
2019-07-21 22:30:10,550 INFO o.a.j.t.ThreadGroup: Started thread group number 1
2019-07-21 22:30:10,550 INFO o.a.j.e.StandardJMeterEngine: All thread groups have been started
2019-07-21 22:30:10,551 INFO o.a.j.t.JMeterThread: Thread started: Obteniendo datos del usuario 1-1
2019-07-21 22:30:10,551 INFO o.a.j.s.FileServer: Stored: ../data-driven/usuarios.csv
2019-07-21 22:30:22,761 INFO o.a.j.t.JMeterThread: Thread is done: Obteniendo datos del usuario 1-1
2019-07-21 22:30:22,761 INFO o.a.j.t.JMeterThread: Thread finished: Obteniendo datos del usuario 1-1
2019-07-21 22:30:22,761 INFO o.a.j.e.StandardJMeterEngine: Notifying test listeners of end of test
2019-07-21 22:30:22,762 INFO o.a.j.s.FileServer: Close: ../data-driven/usuarios.csv
2019-07-21 22:30:22,762 INFO o.a.j.g.u.JMeterMenuBar: setRunning(false, *local*)
2019-07-21 22:32:02,115 INFO o.a.j.c.IncludeController: loadIncludedElements -- try to load included module: /Users/japodaca/Repos/jmeter/./autentificacion-fragment.jmx
2019-07-21 22:32:02,116 INFO o.a.j.c.IncludeController: loadIncludedElements -failed for: /Users/japodaca/Repos/jmeter/./autentificacion-fragment.jmx
2019-07-21 22:32:02,116 INFO o.a.j.c.IncludeController: loadIncludedElements -Attempting to read it from: /Users/japodaca/Repos/jmeter/test-plans/./autentificacion-fragment.jmx
2019-07-21 22:32:02,116 INFO o.a.j.s.SaveService: Loading file: /Users/japodaca/Repos/jmeter/test-plans/./autentificacion-fragment.jmx
2019-07-21 22:34:27,639 INFO o.a.j.c.IncludeController: loadIncludedElements -- try to load included module: /Users/japodaca/Repos/jmeter/./autentificacion-fragment.jmx
2019-07-21 22:34:27,640 INFO o.a.j.c.IncludeController: loadIncludedElements -failed for: /Users/japodaca/Repos/jmeter/./autentificacion-fragment.jmx
2019-07-21 22:34:27,640 INFO o.a.j.c.IncludeController: loadIncludedElements -Attempting to read it from: /Users/japodaca/Repos/jmeter/test-plans/./autentificacion-fragment.jmx
2019-07-21 22:34:27,640 INFO o.a.j.s.SaveService: Loading file: /Users/japodaca/Repos/jmeter/test-plans/./autentificacion-fragment.jmx
2019-07-21 22:34:39,956 INFO o.a.j.c.IncludeController: loadIncludedElements -- try to load included module: /Users/japodaca/Repos/jmeter/./autentificacion-fragment.jmx
2019-07-21 22:34:39,956 INFO o.a.j.c.IncludeController: loadIncludedElements -failed for: /Users/japodaca/Repos/jmeter/./autentificacion-fragment.jmx
2019-07-21 22:34:39,956 INFO o.a.j.c.IncludeController: loadIncludedElements -Attempting to read it from: /Users/japodaca/Repos/jmeter/test-plans/./autentificacion-fragment.jmx
2019-07-21 22:34:39,956 INFO o.a.j.s.SaveService: Loading file: /Users/japodaca/Repos/jmeter/test-plans/./autentificacion-fragment.jmx
2019-07-21 22:35:48,057 INFO o.a.j.c.IncludeController: loadIncludedElements -- try to load included module: /Users/japodaca/Repos/jmeter/./autentificacion-fragment.jmx
2019-07-21 22:35:48,057 INFO o.a.j.c.IncludeController: loadIncludedElements -failed for: /Users/japodaca/Repos/jmeter/./autentificacion-fragment.jmx
2019-07-21 22:35:48,057 INFO o.a.j.c.IncludeController: loadIncludedElements -Attempting to read it from: /Users/japodaca/Repos/jmeter/test-plans/./autentificacion-fragment.jmx
2019-07-21 22:35:48,057 INFO o.a.j.s.SaveService: Loading file: /Users/japodaca/Repos/jmeter/test-plans/./autentificacion-fragment.jmx
2019-07-21 22:38:56,029 INFO o.a.j.c.IncludeController: loadIncludedElements -- try to load included module: /Users/japodaca/Repos/jmeter/./autentificacion-fragment.jmx
2019-07-21 22:38:56,030 INFO o.a.j.c.IncludeController: loadIncludedElements -failed for: /Users/japodaca/Repos/jmeter/./autentificacion-fragment.jmx
2019-07-21 22:38:56,030 INFO o.a.j.c.IncludeController: loadIncludedElements -Attempting to read it from: /Users/japodaca/Repos/jmeter/test-plans/./autentificacion-fragment.jmx
2019-07-21 22:38:56,030 INFO o.a.j.s.SaveService: Loading file: /Users/japodaca/Repos/jmeter/test-plans/./autentificacion-fragment.jmx
2019-07-21 22:38:56,034 INFO o.a.j.c.IncludeController: loadIncludedElements -- try to load included module: /Users/japodaca/Repos/jmeter/./autentificacion-fragment.jmx
2019-07-21 22:38:56,034 INFO o.a.j.c.IncludeController: loadIncludedElements -failed for: /Users/japodaca/Repos/jmeter/./autentificacion-fragment.jmx
2019-07-21 22:38:56,034 INFO o.a.j.c.IncludeController: loadIncludedElements -Attempting to read it from: /Users/japodaca/Repos/jmeter/test-plans/./autentificacion-fragment.jmx
2019-07-21 22:38:56,034 INFO o.a.j.s.SaveService: Loading file: /Users/japodaca/Repos/jmeter/test-plans/./autentificacion-fragment.jmx
2019-07-21 22:38:56,036 INFO o.a.j.c.IncludeController: loadIncludedElements -- try to load included module: /Users/japodaca/Repos/jmeter/./autentificacion-fragment.jmx
2019-07-21 22:38:56,037 INFO o.a.j.c.IncludeController: loadIncludedElements -failed for: /Users/japodaca/Repos/jmeter/./autentificacion-fragment.jmx
2019-07-21 22:38:56,037 INFO o.a.j.c.IncludeController: loadIncludedElements -Attempting to read it from: /Users/japodaca/Repos/jmeter/test-plans/./autentificacion-fragment.jmx
2019-07-21 22:38:56,037 INFO o.a.j.s.SaveService: Loading file: /Users/japodaca/Repos/jmeter/test-plans/./autentificacion-fragment.jmx
2019-07-21 22:38:56,040 INFO o.a.j.e.StandardJMeterEngine: Running the test!
2019-07-21 22:38:56,040 INFO o.a.j.s.SampleEvent: List of sample_variables: []
2019-07-21 22:38:56,041 INFO o.a.j.g.u.JMeterMenuBar: setRunning(true, *local*)
2019-07-21 22:38:56,230 INFO o.a.j.e.StandardJMeterEngine: Starting ThreadGroup: 1 : Obteniendo datos del usuario
2019-07-21 22:38:56,230 INFO o.a.j.e.StandardJMeterEngine: Starting 1 threads for group Obteniendo datos del usuario.
2019-07-21 22:38:56,230 INFO o.a.j.e.StandardJMeterEngine: Thread will continue on error
2019-07-21 22:38:56,230 INFO o.a.j.t.ThreadGroup: Starting thread group... number=1 threads=1 ramp-up=1 delayedStart=false
2019-07-21 22:38:56,231 INFO o.a.j.c.IncludeController: loadIncludedElements -- try to load included module: /Users/japodaca/Repos/jmeter/./autentificacion-fragment.jmx
2019-07-21 22:38:56,231 INFO o.a.j.c.IncludeController: loadIncludedElements -failed for: /Users/japodaca/Repos/jmeter/./autentificacion-fragment.jmx
2019-07-21 22:38:56,231 INFO o.a.j.c.IncludeController: loadIncludedElements -Attempting to read it from: /Users/japodaca/Repos/jmeter/test-plans/./autentificacion-fragment.jmx
2019-07-21 22:38:56,231 INFO o.a.j.s.SaveService: Loading file: /Users/japodaca/Repos/jmeter/test-plans/./autentificacion-fragment.jmx
2019-07-21 22:38:56,234 INFO o.a.j.t.ThreadGroup: Started thread group number 1
2019-07-21 22:38:56,235 INFO o.a.j.e.StandardJMeterEngine: All thread groups have been started
2019-07-21 22:38:56,235 INFO o.a.j.t.JMeterThread: Thread started: Obteniendo datos del usuario 1-1
2019-07-21 22:38:56,235 INFO o.a.j.s.FileServer: Stored: ../data-driven/usuarios.csv
2019-07-21 22:39:00,398 INFO o.a.j.t.JMeterThread: Thread is done: Obteniendo datos del usuario 1-1
2019-07-21 22:39:00,398 INFO o.a.j.t.JMeterThread: Thread finished: Obteniendo datos del usuario 1-1
2019-07-21 22:39:00,398 INFO o.a.j.e.StandardJMeterEngine: Notifying test listeners of end of test
2019-07-21 22:39:00,398 INFO o.a.j.s.FileServer: Close: ../data-driven/usuarios.csv
2019-07-21 22:39:00,399 INFO o.a.j.g.u.JMeterMenuBar: setRunning(false, *local*)
2019-07-21 22:39:21,918 INFO o.a.j.c.IncludeController: loadIncludedElements -- try to load included module: /Users/japodaca/Repos/jmeter/./autentificacion-fragment.jmx
2019-07-21 22:39:21,918 INFO o.a.j.c.IncludeController: loadIncludedElements -failed for: /Users/japodaca/Repos/jmeter/./autentificacion-fragment.jmx
2019-07-21 22:39:21,918 INFO o.a.j.c.IncludeController: loadIncludedElements -Attempting to read it from: /Users/japodaca/Repos/jmeter/test-plans/./autentificacion-fragment.jmx
2019-07-21 22:39:21,918 INFO o.a.j.s.SaveService: Loading file: /Users/japodaca/Repos/jmeter/test-plans/./autentificacion-fragment.jmx
2019-07-21 22:39:21,921 INFO o.a.j.c.IncludeController: loadIncludedElements -- try to load included module: /Users/japodaca/Repos/jmeter/./autentificacion-fragment.jmx
2019-07-21 22:39:21,921 INFO o.a.j.c.IncludeController: loadIncludedElements -failed for: /Users/japodaca/Repos/jmeter/./autentificacion-fragment.jmx
2019-07-21 22:39:21,921 INFO o.a.j.c.IncludeController: loadIncludedElements -Attempting to read it from: /Users/japodaca/Repos/jmeter/test-plans/./autentificacion-fragment.jmx
2019-07-21 22:39:21,921 INFO o.a.j.s.SaveService: Loading file: /Users/japodaca/Repos/jmeter/test-plans/./autentificacion-fragment.jmx
2019-07-21 22:39:21,924 INFO o.a.j.c.IncludeController: loadIncludedElements -- try to load included module: /Users/japodaca/Repos/jmeter/./autentificacion-fragment.jmx
2019-07-21 22:39:21,924 INFO o.a.j.c.IncludeController: loadIncludedElements -failed for: /Users/japodaca/Repos/jmeter/./autentificacion-fragment.jmx
2019-07-21 22:39:21,924 INFO o.a.j.c.IncludeController: loadIncludedElements -Attempting to read it from: /Users/japodaca/Repos/jmeter/test-plans/./autentificacion-fragment.jmx
2019-07-21 22:39:21,924 INFO o.a.j.s.SaveService: Loading file: /Users/japodaca/Repos/jmeter/test-plans/./autentificacion-fragment.jmx
2019-07-21 22:39:21,928 INFO o.a.j.e.StandardJMeterEngine: Running the test!
2019-07-21 22:39:21,928 INFO o.a.j.s.SampleEvent: List of sample_variables: []
2019-07-21 22:39:21,929 INFO o.a.j.g.u.JMeterMenuBar: setRunning(true, *local*)
2019-07-21 22:39:22,094 INFO o.a.j.e.StandardJMeterEngine: Starting ThreadGroup: 1 : Obteniendo datos del usuario
2019-07-21 22:39:22,094 INFO o.a.j.e.StandardJMeterEngine: Starting 1 threads for group Obteniendo datos del usuario.
2019-07-21 22:39:22,094 INFO o.a.j.e.StandardJMeterEngine: Thread will continue on error
2019-07-21 22:39:22,094 INFO o.a.j.t.ThreadGroup: Starting thread group... number=1 threads=1 ramp-up=1 delayedStart=false
2019-07-21 22:39:22,094 INFO o.a.j.c.IncludeController: loadIncludedElements -- try to load included module: /Users/japodaca/Repos/jmeter/./autentificacion-fragment.jmx
2019-07-21 22:39:22,095 INFO o.a.j.c.IncludeController: loadIncludedElements -failed for: /Users/japodaca/Repos/jmeter/./autentificacion-fragment.jmx
2019-07-21 22:39:22,095 INFO o.a.j.c.IncludeController: loadIncludedElements -Attempting to read it from: /Users/japodaca/Repos/jmeter/test-plans/./autentificacion-fragment.jmx
2019-07-21 22:39:22,095 INFO o.a.j.s.SaveService: Loading file: /Users/japodaca/Repos/jmeter/test-plans/./autentificacion-fragment.jmx
2019-07-21 22:39:22,099 INFO o.a.j.t.ThreadGroup: Started thread group number 1
2019-07-21 22:39:22,099 INFO o.a.j.e.StandardJMeterEngine: All thread groups have been started
2019-07-21 22:39:22,099 INFO o.a.j.t.JMeterThread: Thread started: Obteniendo datos del usuario 1-1
2019-07-21 22:39:22,100 INFO o.a.j.s.FileServer: Stored: ../data-driven/usuarios.csv
2019-07-21 22:39:25,898 INFO o.a.j.t.JMeterThread: Thread is done: Obteniendo datos del usuario 1-1
2019-07-21 22:39:25,900 INFO o.a.j.t.JMeterThread: Thread finished: Obteniendo datos del usuario 1-1
2019-07-21 22:39:25,901 INFO o.a.j.e.StandardJMeterEngine: Notifying test listeners of end of test
2019-07-21 22:39:25,901 INFO o.a.j.s.FileServer: Close: ../data-driven/usuarios.csv
2019-07-21 22:39:25,902 INFO o.a.j.g.u.JMeterMenuBar: setRunning(false, *local*)
2019-07-21 22:42:24,679 INFO o.a.j.c.IncludeController: loadIncludedElements -- try to load included module: /Users/japodaca/Repos/jmeter/./autentificacion-fragment.jmx
2019-07-21 22:42:24,679 INFO o.a.j.c.IncludeController: loadIncludedElements -failed for: /Users/japodaca/Repos/jmeter/./autentificacion-fragment.jmx
2019-07-21 22:42:24,679 INFO o.a.j.c.IncludeController: loadIncludedElements -Attempting to read it from: /Users/japodaca/Repos/jmeter/test-plans/./autentificacion-fragment.jmx
2019-07-21 22:42:24,679 INFO o.a.j.s.SaveService: Loading file: /Users/japodaca/Repos/jmeter/test-plans/./autentificacion-fragment.jmx
2019-07-21 22:42:41,190 INFO o.a.j.c.IncludeController: loadIncludedElements -- try to load included module: /Users/japodaca/Repos/jmeter/./autentificacion-fragment.jmx
2019-07-21 22:42:41,190 INFO o.a.j.c.IncludeController: loadIncludedElements -failed for: /Users/japodaca/Repos/jmeter/./autentificacion-fragment.jmx
2019-07-21 22:42:41,190 INFO o.a.j.c.IncludeController: loadIncludedElements -Attempting to read it from: /Users/japodaca/Repos/jmeter/test-plans/./autentificacion-fragment.jmx
2019-07-21 22:42:41,190 INFO o.a.j.s.SaveService: Loading file: /Users/japodaca/Repos/jmeter/test-plans/./autentificacion-fragment.jmx
